
> backend@1.0.0 start
> node server.js

[dotenv@17.2.1] injecting env (3) from .env -- tip: 🔐 prevent committing .env to code: https://dotenvx.com/precommit
🚀 Server is running on port 5000
💡 Using mock data mode - perfect for frontend development!
❌ MongoDB connection error: bad auth : Authentication failed.
🔄 Starting server in mock data mode for development...
Get projects error: CastError: Cast to ObjectId failed for value "mock_user_1" (type string) at path "user" for model "Project"
    at SchemaObjectId.cast (/home/gaurav/Projects/New_Projects/Task-Management/backend/node_modules/mongoose/lib/schema/objectId.js:251:11)
    at SchemaType.applySetters (/home/gaurav/Projects/New_Projects/Task-Management/backend/node_modules/mongoose/lib/schemaType.js:1258:12)
    at SchemaType.castForQuery (/home/gaurav/Projects/New_Projects/Task-Management/backend/node_modules/mongoose/lib/schemaType.js:1680:17)
    at cast (/home/gaurav/Projects/New_Projects/Task-Management/backend/node_modules/mongoose/lib/cast.js:390:32)
    at cast (/home/gaurav/Projects/New_Projects/Task-Management/backend/node_modules/mongoose/lib/cast.js:76:20)
    at Query.cast (/home/gaurav/Projects/New_Projects/Task-Management/backend/node_modules/mongoose/lib/query.js:5060:12)
    at Query._castConditions (/home/gaurav/Projects/New_Projects/Task-Management/backend/node_modules/mongoose/lib/query.js:2374:10)
    at model.Query._find (/home/gaurav/Projects/New_Projects/Task-Management/backend/node_modules/mongoose/lib/query.js:2401:8)
    at model.Query.exec (/home/gaurav/Projects/New_Projects/Task-Management/backend/node_modules/mongoose/lib/query.js:4627:80)
    at process.processTicksAndRejections (node:internal/process/task_queues:105:5) {
  stringValue: '"mock_user_1"',
  messageFormat: undefined,
  kind: 'ObjectId',
  value: 'mock_user_1',
  path: 'user',
  reason: BSONError: input must be a 24 character hex string, 12 byte Uint8Array, or an integer
      at new ObjectId (/home/gaurav/Projects/New_Projects/Task-Management/backend/node_modules/bson/lib/bson.cjs:2538:23)
      at castObjectId (/home/gaurav/Projects/New_Projects/Task-Management/backend/node_modules/mongoose/lib/cast/objectid.js:25:12)
      at SchemaObjectId.cast (/home/gaurav/Projects/New_Projects/Task-Management/backend/node_modules/mongoose/lib/schema/objectId.js:249:12)
      at SchemaType.applySetters (/home/gaurav/Projects/New_Projects/Task-Management/backend/node_modules/mongoose/lib/schemaType.js:1258:12)
      at SchemaType.castForQuery (/home/gaurav/Projects/New_Projects/Task-Management/backend/node_modules/mongoose/lib/schemaType.js:1680:17)
      at cast (/home/gaurav/Projects/New_Projects/Task-Management/backend/node_modules/mongoose/lib/cast.js:390:32)
      at cast (/home/gaurav/Projects/New_Projects/Task-Management/backend/node_modules/mongoose/lib/cast.js:76:20)
      at Query.cast (/home/gaurav/Projects/New_Projects/Task-Management/backend/node_modules/mongoose/lib/query.js:5060:12)
      at Query._castConditions (/home/gaurav/Projects/New_Projects/Task-Management/backend/node_modules/mongoose/lib/query.js:2374:10)
      at model.Query._find (/home/gaurav/Projects/New_Projects/Task-Management/backend/node_modules/mongoose/lib/query.js:2401:8),
  valueType: 'string'
}
Get projects error: CastError: Cast to ObjectId failed for value "mock_user_1" (type string) at path "user" for model "Project"
    at SchemaObjectId.cast (/home/gaurav/Projects/New_Projects/Task-Management/backend/node_modules/mongoose/lib/schema/objectId.js:251:11)
    at SchemaType.applySetters (/home/gaurav/Projects/New_Projects/Task-Management/backend/node_modules/mongoose/lib/schemaType.js:1258:12)
    at SchemaType.castForQuery (/home/gaurav/Projects/New_Projects/Task-Management/backend/node_modules/mongoose/lib/schemaType.js:1680:17)
    at cast (/home/gaurav/Projects/New_Projects/Task-Management/backend/node_modules/mongoose/lib/cast.js:390:32)
    at cast (/home/gaurav/Projects/New_Projects/Task-Management/backend/node_modules/mongoose/lib/cast.js:76:20)
    at Query.cast (/home/gaurav/Projects/New_Projects/Task-Management/backend/node_modules/mongoose/lib/query.js:5060:12)
    at Query._castConditions (/home/gaurav/Projects/New_Projects/Task-Management/backend/node_modules/mongoose/lib/query.js:2374:10)
    at model.Query._find (/home/gaurav/Projects/New_Projects/Task-Management/backend/node_modules/mongoose/lib/query.js:2401:8)
    at model.Query.exec (/home/gaurav/Projects/New_Projects/Task-Management/backend/node_modules/mongoose/lib/query.js:4627:80)
    at process.processTicksAndRejections (node:internal/process/task_queues:105:5) {
  stringValue: '"mock_user_1"',
  messageFormat: undefined,
  kind: 'ObjectId',
  value: 'mock_user_1',
  path: 'user',
  reason: BSONError: input must be a 24 character hex string, 12 byte Uint8Array, or an integer
      at new ObjectId (/home/gaurav/Projects/New_Projects/Task-Management/backend/node_modules/bson/lib/bson.cjs:2538:23)
      at castObjectId (/home/gaurav/Projects/New_Projects/Task-Management/backend/node_modules/mongoose/lib/cast/objectid.js:25:12)
      at SchemaObjectId.cast (/home/gaurav/Projects/New_Projects/Task-Management/backend/node_modules/mongoose/lib/schema/objectId.js:249:12)
      at SchemaType.applySetters (/home/gaurav/Projects/New_Projects/Task-Management/backend/node_modules/mongoose/lib/schemaType.js:1258:12)
      at SchemaType.castForQuery (/home/gaurav/Projects/New_Projects/Task-Management/backend/node_modules/mongoose/lib/schemaType.js:1680:17)
      at cast (/home/gaurav/Projects/New_Projects/Task-Management/backend/node_modules/mongoose/lib/cast.js:390:32)
      at cast (/home/gaurav/Projects/New_Projects/Task-Management/backend/node_modules/mongoose/lib/cast.js:76:20)
      at Query.cast (/home/gaurav/Projects/New_Projects/Task-Management/backend/node_modules/mongoose/lib/query.js:5060:12)
      at Query._castConditions (/home/gaurav/Projects/New_Projects/Task-Management/backend/node_modules/mongoose/lib/query.js:2374:10)
      at model.Query._find (/home/gaurav/Projects/New_Projects/Task-Management/backend/node_modules/mongoose/lib/query.js:2401:8),
  valueType: 'string'
}
Get projects error: CastError: Cast to ObjectId failed for value "mock_user_1" (type string) at path "user" for model "Project"
    at SchemaObjectId.cast (/home/gaurav/Projects/New_Projects/Task-Management/backend/node_modules/mongoose/lib/schema/objectId.js:251:11)
    at SchemaType.applySetters (/home/gaurav/Projects/New_Projects/Task-Management/backend/node_modules/mongoose/lib/schemaType.js:1258:12)
    at SchemaType.castForQuery (/home/gaurav/Projects/New_Projects/Task-Management/backend/node_modules/mongoose/lib/schemaType.js:1680:17)
    at cast (/home/gaurav/Projects/New_Projects/Task-Management/backend/node_modules/mongoose/lib/cast.js:390:32)
    at cast (/home/gaurav/Projects/New_Projects/Task-Management/backend/node_modules/mongoose/lib/cast.js:76:20)
    at Query.cast (/home/gaurav/Projects/New_Projects/Task-Management/backend/node_modules/mongoose/lib/query.js:5060:12)
    at Query._castConditions (/home/gaurav/Projects/New_Projects/Task-Management/backend/node_modules/mongoose/lib/query.js:2374:10)
    at model.Query._find (/home/gaurav/Projects/New_Projects/Task-Management/backend/node_modules/mongoose/lib/query.js:2401:8)
    at model.Query.exec (/home/gaurav/Projects/New_Projects/Task-Management/backend/node_modules/mongoose/lib/query.js:4627:80)
    at process.processTicksAndRejections (node:internal/process/task_queues:105:5) {
  stringValue: '"mock_user_1"',
  messageFormat: undefined,
  kind: 'ObjectId',
  value: 'mock_user_1',
  path: 'user',
  reason: BSONError: input must be a 24 character hex string, 12 byte Uint8Array, or an integer
      at new ObjectId (/home/gaurav/Projects/New_Projects/Task-Management/backend/node_modules/bson/lib/bson.cjs:2538:23)
      at castObjectId (/home/gaurav/Projects/New_Projects/Task-Management/backend/node_modules/mongoose/lib/cast/objectid.js:25:12)
      at SchemaObjectId.cast (/home/gaurav/Projects/New_Projects/Task-Management/backend/node_modules/mongoose/lib/schema/objectId.js:249:12)
      at SchemaType.applySetters (/home/gaurav/Projects/New_Projects/Task-Management/backend/node_modules/mongoose/lib/schemaType.js:1258:12)
      at SchemaType.castForQuery (/home/gaurav/Projects/New_Projects/Task-Management/backend/node_modules/mongoose/lib/schemaType.js:1680:17)
      at cast (/home/gaurav/Projects/New_Projects/Task-Management/backend/node_modules/mongoose/lib/cast.js:390:32)
      at cast (/home/gaurav/Projects/New_Projects/Task-Management/backend/node_modules/mongoose/lib/cast.js:76:20)
      at Query.cast (/home/gaurav/Projects/New_Projects/Task-Management/backend/node_modules/mongoose/lib/query.js:5060:12)
      at Query._castConditions (/home/gaurav/Projects/New_Projects/Task-Management/backend/node_modules/mongoose/lib/query.js:2374:10)
      at model.Query._find (/home/gaurav/Projects/New_Projects/Task-Management/backend/node_modules/mongoose/lib/query.js:2401:8),
  valueType: 'string'
}
Get projects error: CastError: Cast to ObjectId failed for value "mock_user_1" (type string) at path "user" for model "Project"
    at SchemaObjectId.cast (/home/gaurav/Projects/New_Projects/Task-Management/backend/node_modules/mongoose/lib/schema/objectId.js:251:11)
    at SchemaType.applySetters (/home/gaurav/Projects/New_Projects/Task-Management/backend/node_modules/mongoose/lib/schemaType.js:1258:12)
    at SchemaType.castForQuery (/home/gaurav/Projects/New_Projects/Task-Management/backend/node_modules/mongoose/lib/schemaType.js:1680:17)
    at cast (/home/gaurav/Projects/New_Projects/Task-Management/backend/node_modules/mongoose/lib/cast.js:390:32)
    at cast (/home/gaurav/Projects/New_Projects/Task-Management/backend/node_modules/mongoose/lib/cast.js:76:20)
    at Query.cast (/home/gaurav/Projects/New_Projects/Task-Management/backend/node_modules/mongoose/lib/query.js:5060:12)
    at Query._castConditions (/home/gaurav/Projects/New_Projects/Task-Management/backend/node_modules/mongoose/lib/query.js:2374:10)
    at model.Query._find (/home/gaurav/Projects/New_Projects/Task-Management/backend/node_modules/mongoose/lib/query.js:2401:8)
    at model.Query.exec (/home/gaurav/Projects/New_Projects/Task-Management/backend/node_modules/mongoose/lib/query.js:4627:80)
    at process.processTicksAndRejections (node:internal/process/task_queues:105:5) {
  stringValue: '"mock_user_1"',
  messageFormat: undefined,
  kind: 'ObjectId',
  value: 'mock_user_1',
  path: 'user',
  reason: BSONError: input must be a 24 character hex string, 12 byte Uint8Array, or an integer
      at new ObjectId (/home/gaurav/Projects/New_Projects/Task-Management/backend/node_modules/bson/lib/bson.cjs:2538:23)
      at castObjectId (/home/gaurav/Projects/New_Projects/Task-Management/backend/node_modules/mongoose/lib/cast/objectid.js:25:12)
      at SchemaObjectId.cast (/home/gaurav/Projects/New_Projects/Task-Management/backend/node_modules/mongoose/lib/schema/objectId.js:249:12)
      at SchemaType.applySetters (/home/gaurav/Projects/New_Projects/Task-Management/backend/node_modules/mongoose/lib/schemaType.js:1258:12)
      at SchemaType.castForQuery (/home/gaurav/Projects/New_Projects/Task-Management/backend/node_modules/mongoose/lib/schemaType.js:1680:17)
      at cast (/home/gaurav/Projects/New_Projects/Task-Management/backend/node_modules/mongoose/lib/cast.js:390:32)
      at cast (/home/gaurav/Projects/New_Projects/Task-Management/backend/node_modules/mongoose/lib/cast.js:76:20)
      at Query.cast (/home/gaurav/Projects/New_Projects/Task-Management/backend/node_modules/mongoose/lib/query.js:5060:12)
      at Query._castConditions (/home/gaurav/Projects/New_Projects/Task-Management/backend/node_modules/mongoose/lib/query.js:2374:10)
      at model.Query._find (/home/gaurav/Projects/New_Projects/Task-Management/backend/node_modules/mongoose/lib/query.js:2401:8),
  valueType: 'string'
}
Get projects error: CastError: Cast to ObjectId failed for value "mock_user_1" (type string) at path "user" for model "Project"
    at SchemaObjectId.cast (/home/gaurav/Projects/New_Projects/Task-Management/backend/node_modules/mongoose/lib/schema/objectId.js:251:11)
    at SchemaType.applySetters (/home/gaurav/Projects/New_Projects/Task-Management/backend/node_modules/mongoose/lib/schemaType.js:1258:12)
    at SchemaType.castForQuery (/home/gaurav/Projects/New_Projects/Task-Management/backend/node_modules/mongoose/lib/schemaType.js:1680:17)
    at cast (/home/gaurav/Projects/New_Projects/Task-Management/backend/node_modules/mongoose/lib/cast.js:390:32)
    at cast (/home/gaurav/Projects/New_Projects/Task-Management/backend/node_modules/mongoose/lib/cast.js:76:20)
    at Query.cast (/home/gaurav/Projects/New_Projects/Task-Management/backend/node_modules/mongoose/lib/query.js:5060:12)
    at Query._castConditions (/home/gaurav/Projects/New_Projects/Task-Management/backend/node_modules/mongoose/lib/query.js:2374:10)
    at model.Query._find (/home/gaurav/Projects/New_Projects/Task-Management/backend/node_modules/mongoose/lib/query.js:2401:8)
    at model.Query.exec (/home/gaurav/Projects/New_Projects/Task-Management/backend/node_modules/mongoose/lib/query.js:4627:80)
    at process.processTicksAndRejections (node:internal/process/task_queues:105:5) {
  stringValue: '"mock_user_1"',
  messageFormat: undefined,
  kind: 'ObjectId',
  value: 'mock_user_1',
  path: 'user',
  reason: BSONError: input must be a 24 character hex string, 12 byte Uint8Array, or an integer
      at new ObjectId (/home/gaurav/Projects/New_Projects/Task-Management/backend/node_modules/bson/lib/bson.cjs:2538:23)
      at castObjectId (/home/gaurav/Projects/New_Projects/Task-Management/backend/node_modules/mongoose/lib/cast/objectid.js:25:12)
      at SchemaObjectId.cast (/home/gaurav/Projects/New_Projects/Task-Management/backend/node_modules/mongoose/lib/schema/objectId.js:249:12)
      at SchemaType.applySetters (/home/gaurav/Projects/New_Projects/Task-Management/backend/node_modules/mongoose/lib/schemaType.js:1258:12)
      at SchemaType.castForQuery (/home/gaurav/Projects/New_Projects/Task-Management/backend/node_modules/mongoose/lib/schemaType.js:1680:17)
      at cast (/home/gaurav/Projects/New_Projects/Task-Management/backend/node_modules/mongoose/lib/cast.js:390:32)
      at cast (/home/gaurav/Projects/New_Projects/Task-Management/backend/node_modules/mongoose/lib/cast.js:76:20)
      at Query.cast (/home/gaurav/Projects/New_Projects/Task-Management/backend/node_modules/mongoose/lib/query.js:5060:12)
      at Query._castConditions (/home/gaurav/Projects/New_Projects/Task-Management/backend/node_modules/mongoose/lib/query.js:2374:10)
      at model.Query._find (/home/gaurav/Projects/New_Projects/Task-Management/backend/node_modules/mongoose/lib/query.js:2401:8),
  valueType: 'string'
}
Get projects error: CastError: Cast to ObjectId failed for value "mock_user_1" (type string) at path "user" for model "Project"
    at SchemaObjectId.cast (/home/gaurav/Projects/New_Projects/Task-Management/backend/node_modules/mongoose/lib/schema/objectId.js:251:11)
    at SchemaType.applySetters (/home/gaurav/Projects/New_Projects/Task-Management/backend/node_modules/mongoose/lib/schemaType.js:1258:12)
    at SchemaType.castForQuery (/home/gaurav/Projects/New_Projects/Task-Management/backend/node_modules/mongoose/lib/schemaType.js:1680:17)
    at cast (/home/gaurav/Projects/New_Projects/Task-Management/backend/node_modules/mongoose/lib/cast.js:390:32)
    at cast (/home/gaurav/Projects/New_Projects/Task-Management/backend/node_modules/mongoose/lib/cast.js:76:20)
    at Query.cast (/home/gaurav/Projects/New_Projects/Task-Management/backend/node_modules/mongoose/lib/query.js:5060:12)
    at Query._castConditions (/home/gaurav/Projects/New_Projects/Task-Management/backend/node_modules/mongoose/lib/query.js:2374:10)
    at model.Query._find (/home/gaurav/Projects/New_Projects/Task-Management/backend/node_modules/mongoose/lib/query.js:2401:8)
    at model.Query.exec (/home/gaurav/Projects/New_Projects/Task-Management/backend/node_modules/mongoose/lib/query.js:4627:80)
    at process.processTicksAndRejections (node:internal/process/task_queues:105:5) {
  stringValue: '"mock_user_1"',
  messageFormat: undefined,
  kind: 'ObjectId',
  value: 'mock_user_1',
  path: 'user',
  reason: BSONError: input must be a 24 character hex string, 12 byte Uint8Array, or an integer
      at new ObjectId (/home/gaurav/Projects/New_Projects/Task-Management/backend/node_modules/bson/lib/bson.cjs:2538:23)
      at castObjectId (/home/gaurav/Projects/New_Projects/Task-Management/backend/node_modules/mongoose/lib/cast/objectid.js:25:12)
      at SchemaObjectId.cast (/home/gaurav/Projects/New_Projects/Task-Management/backend/node_modules/mongoose/lib/schema/objectId.js:249:12)
      at SchemaType.applySetters (/home/gaurav/Projects/New_Projects/Task-Management/backend/node_modules/mongoose/lib/schemaType.js:1258:12)
      at SchemaType.castForQuery (/home/gaurav/Projects/New_Projects/Task-Management/backend/node_modules/mongoose/lib/schemaType.js:1680:17)
      at cast (/home/gaurav/Projects/New_Projects/Task-Management/backend/node_modules/mongoose/lib/cast.js:390:32)
      at cast (/home/gaurav/Projects/New_Projects/Task-Management/backend/node_modules/mongoose/lib/cast.js:76:20)
      at Query.cast (/home/gaurav/Projects/New_Projects/Task-Management/backend/node_modules/mongoose/lib/query.js:5060:12)
      at Query._castConditions (/home/gaurav/Projects/New_Projects/Task-Management/backend/node_modules/mongoose/lib/query.js:2374:10)
      at model.Query._find (/home/gaurav/Projects/New_Projects/Task-Management/backend/node_modules/mongoose/lib/query.js:2401:8),
  valueType: 'string'
}
Get projects error: CastError: Cast to ObjectId failed for value "mock_user_1" (type string) at path "user" for model "Project"
    at SchemaObjectId.cast (/home/gaurav/Projects/New_Projects/Task-Management/backend/node_modules/mongoose/lib/schema/objectId.js:251:11)
    at SchemaType.applySetters (/home/gaurav/Projects/New_Projects/Task-Management/backend/node_modules/mongoose/lib/schemaType.js:1258:12)
    at SchemaType.castForQuery (/home/gaurav/Projects/New_Projects/Task-Management/backend/node_modules/mongoose/lib/schemaType.js:1680:17)
    at cast (/home/gaurav/Projects/New_Projects/Task-Management/backend/node_modules/mongoose/lib/cast.js:390:32)
    at cast (/home/gaurav/Projects/New_Projects/Task-Management/backend/node_modules/mongoose/lib/cast.js:76:20)
    at Query.cast (/home/gaurav/Projects/New_Projects/Task-Management/backend/node_modules/mongoose/lib/query.js:5060:12)
    at Query._castConditions (/home/gaurav/Projects/New_Projects/Task-Management/backend/node_modules/mongoose/lib/query.js:2374:10)
    at model.Query._find (/home/gaurav/Projects/New_Projects/Task-Management/backend/node_modules/mongoose/lib/query.js:2401:8)
    at model.Query.exec (/home/gaurav/Projects/New_Projects/Task-Management/backend/node_modules/mongoose/lib/query.js:4627:80)
    at process.processTicksAndRejections (node:internal/process/task_queues:105:5) {
  stringValue: '"mock_user_1"',
  messageFormat: undefined,
  kind: 'ObjectId',
  value: 'mock_user_1',
  path: 'user',
  reason: BSONError: input must be a 24 character hex string, 12 byte Uint8Array, or an integer
      at new ObjectId (/home/gaurav/Projects/New_Projects/Task-Management/backend/node_modules/bson/lib/bson.cjs:2538:23)
      at castObjectId (/home/gaurav/Projects/New_Projects/Task-Management/backend/node_modules/mongoose/lib/cast/objectid.js:25:12)
      at SchemaObjectId.cast (/home/gaurav/Projects/New_Projects/Task-Management/backend/node_modules/mongoose/lib/schema/objectId.js:249:12)
      at SchemaType.applySetters (/home/gaurav/Projects/New_Projects/Task-Management/backend/node_modules/mongoose/lib/schemaType.js:1258:12)
      at SchemaType.castForQuery (/home/gaurav/Projects/New_Projects/Task-Management/backend/node_modules/mongoose/lib/schemaType.js:1680:17)
      at cast (/home/gaurav/Projects/New_Projects/Task-Management/backend/node_modules/mongoose/lib/cast.js:390:32)
      at cast (/home/gaurav/Projects/New_Projects/Task-Management/backend/node_modules/mongoose/lib/cast.js:76:20)
      at Query.cast (/home/gaurav/Projects/New_Projects/Task-Management/backend/node_modules/mongoose/lib/query.js:5060:12)
      at Query._castConditions (/home/gaurav/Projects/New_Projects/Task-Management/backend/node_modules/mongoose/lib/query.js:2374:10)
      at model.Query._find (/home/gaurav/Projects/New_Projects/Task-Management/backend/node_modules/mongoose/lib/query.js:2401:8),
  valueType: 'string'
}
Get projects error: CastError: Cast to ObjectId failed for value "mock_user_1" (type string) at path "user" for model "Project"
    at SchemaObjectId.cast (/home/gaurav/Projects/New_Projects/Task-Management/backend/node_modules/mongoose/lib/schema/objectId.js:251:11)
    at SchemaType.applySetters (/home/gaurav/Projects/New_Projects/Task-Management/backend/node_modules/mongoose/lib/schemaType.js:1258:12)
    at SchemaType.castForQuery (/home/gaurav/Projects/New_Projects/Task-Management/backend/node_modules/mongoose/lib/schemaType.js:1680:17)
    at cast (/home/gaurav/Projects/New_Projects/Task-Management/backend/node_modules/mongoose/lib/cast.js:390:32)
    at cast (/home/gaurav/Projects/New_Projects/Task-Management/backend/node_modules/mongoose/lib/cast.js:76:20)
    at Query.cast (/home/gaurav/Projects/New_Projects/Task-Management/backend/node_modules/mongoose/lib/query.js:5060:12)
    at Query._castConditions (/home/gaurav/Projects/New_Projects/Task-Management/backend/node_modules/mongoose/lib/query.js:2374:10)
    at model.Query._find (/home/gaurav/Projects/New_Projects/Task-Management/backend/node_modules/mongoose/lib/query.js:2401:8)
    at model.Query.exec (/home/gaurav/Projects/New_Projects/Task-Management/backend/node_modules/mongoose/lib/query.js:4627:80)
    at process.processTicksAndRejections (node:internal/process/task_queues:105:5) {
  stringValue: '"mock_user_1"',
  messageFormat: undefined,
  kind: 'ObjectId',
  value: 'mock_user_1',
  path: 'user',
  reason: BSONError: input must be a 24 character hex string, 12 byte Uint8Array, or an integer
      at new ObjectId (/home/gaurav/Projects/New_Projects/Task-Management/backend/node_modules/bson/lib/bson.cjs:2538:23)
      at castObjectId (/home/gaurav/Projects/New_Projects/Task-Management/backend/node_modules/mongoose/lib/cast/objectid.js:25:12)
      at SchemaObjectId.cast (/home/gaurav/Projects/New_Projects/Task-Management/backend/node_modules/mongoose/lib/schema/objectId.js:249:12)
      at SchemaType.applySetters (/home/gaurav/Projects/New_Projects/Task-Management/backend/node_modules/mongoose/lib/schemaType.js:1258:12)
      at SchemaType.castForQuery (/home/gaurav/Projects/New_Projects/Task-Management/backend/node_modules/mongoose/lib/schemaType.js:1680:17)
      at cast (/home/gaurav/Projects/New_Projects/Task-Management/backend/node_modules/mongoose/lib/cast.js:390:32)
      at cast (/home/gaurav/Projects/New_Projects/Task-Management/backend/node_modules/mongoose/lib/cast.js:76:20)
      at Query.cast (/home/gaurav/Projects/New_Projects/Task-Management/backend/node_modules/mongoose/lib/query.js:5060:12)
      at Query._castConditions (/home/gaurav/Projects/New_Projects/Task-Management/backend/node_modules/mongoose/lib/query.js:2374:10)
      at model.Query._find (/home/gaurav/Projects/New_Projects/Task-Management/backend/node_modules/mongoose/lib/query.js:2401:8),
  valueType: 'string'
}
Get projects error: CastError: Cast to ObjectId failed for value "mock_user_1" (type string) at path "user" for model "Project"
    at SchemaObjectId.cast (/home/gaurav/Projects/New_Projects/Task-Management/backend/node_modules/mongoose/lib/schema/objectId.js:251:11)
    at SchemaType.applySetters (/home/gaurav/Projects/New_Projects/Task-Management/backend/node_modules/mongoose/lib/schemaType.js:1258:12)
    at SchemaType.castForQuery (/home/gaurav/Projects/New_Projects/Task-Management/backend/node_modules/mongoose/lib/schemaType.js:1680:17)
    at cast (/home/gaurav/Projects/New_Projects/Task-Management/backend/node_modules/mongoose/lib/cast.js:390:32)
    at cast (/home/gaurav/Projects/New_Projects/Task-Management/backend/node_modules/mongoose/lib/cast.js:76:20)
    at Query.cast (/home/gaurav/Projects/New_Projects/Task-Management/backend/node_modules/mongoose/lib/query.js:5060:12)
    at Query._castConditions (/home/gaurav/Projects/New_Projects/Task-Management/backend/node_modules/mongoose/lib/query.js:2374:10)
    at model.Query._find (/home/gaurav/Projects/New_Projects/Task-Management/backend/node_modules/mongoose/lib/query.js:2401:8)
    at model.Query.exec (/home/gaurav/Projects/New_Projects/Task-Management/backend/node_modules/mongoose/lib/query.js:4627:80)
    at process.processTicksAndRejections (node:internal/process/task_queues:105:5) {
  stringValue: '"mock_user_1"',
  messageFormat: undefined,
  kind: 'ObjectId',
  value: 'mock_user_1',
  path: 'user',
  reason: BSONError: input must be a 24 character hex string, 12 byte Uint8Array, or an integer
      at new ObjectId (/home/gaurav/Projects/New_Projects/Task-Management/backend/node_modules/bson/lib/bson.cjs:2538:23)
      at castObjectId (/home/gaurav/Projects/New_Projects/Task-Management/backend/node_modules/mongoose/lib/cast/objectid.js:25:12)
      at SchemaObjectId.cast (/home/gaurav/Projects/New_Projects/Task-Management/backend/node_modules/mongoose/lib/schema/objectId.js:249:12)
      at SchemaType.applySetters (/home/gaurav/Projects/New_Projects/Task-Management/backend/node_modules/mongoose/lib/schemaType.js:1258:12)
      at SchemaType.castForQuery (/home/gaurav/Projects/New_Projects/Task-Management/backend/node_modules/mongoose/lib/schemaType.js:1680:17)
      at cast (/home/gaurav/Projects/New_Projects/Task-Management/backend/node_modules/mongoose/lib/cast.js:390:32)
      at cast (/home/gaurav/Projects/New_Projects/Task-Management/backend/node_modules/mongoose/lib/cast.js:76:20)
      at Query.cast (/home/gaurav/Projects/New_Projects/Task-Management/backend/node_modules/mongoose/lib/query.js:5060:12)
      at Query._castConditions (/home/gaurav/Projects/New_Projects/Task-Management/backend/node_modules/mongoose/lib/query.js:2374:10)
      at model.Query._find (/home/gaurav/Projects/New_Projects/Task-Management/backend/node_modules/mongoose/lib/query.js:2401:8),
  valueType: 'string'
}
Get projects error: CastError: Cast to ObjectId failed for value "mock_user_1" (type string) at path "user" for model "Project"
    at SchemaObjectId.cast (/home/gaurav/Projects/New_Projects/Task-Management/backend/node_modules/mongoose/lib/schema/objectId.js:251:11)
    at SchemaType.applySetters (/home/gaurav/Projects/New_Projects/Task-Management/backend/node_modules/mongoose/lib/schemaType.js:1258:12)
    at SchemaType.castForQuery (/home/gaurav/Projects/New_Projects/Task-Management/backend/node_modules/mongoose/lib/schemaType.js:1680:17)
    at cast (/home/gaurav/Projects/New_Projects/Task-Management/backend/node_modules/mongoose/lib/cast.js:390:32)
    at cast (/home/gaurav/Projects/New_Projects/Task-Management/backend/node_modules/mongoose/lib/cast.js:76:20)
    at Query.cast (/home/gaurav/Projects/New_Projects/Task-Management/backend/node_modules/mongoose/lib/query.js:5060:12)
    at Query._castConditions (/home/gaurav/Projects/New_Projects/Task-Management/backend/node_modules/mongoose/lib/query.js:2374:10)
    at model.Query._find (/home/gaurav/Projects/New_Projects/Task-Management/backend/node_modules/mongoose/lib/query.js:2401:8)
    at model.Query.exec (/home/gaurav/Projects/New_Projects/Task-Management/backend/node_modules/mongoose/lib/query.js:4627:80)
    at process.processTicksAndRejections (node:internal/process/task_queues:105:5) {
  stringValue: '"mock_user_1"',
  messageFormat: undefined,
  kind: 'ObjectId',
  value: 'mock_user_1',
  path: 'user',
  reason: BSONError: input must be a 24 character hex string, 12 byte Uint8Array, or an integer
      at new ObjectId (/home/gaurav/Projects/New_Projects/Task-Management/backend/node_modules/bson/lib/bson.cjs:2538:23)
      at castObjectId (/home/gaurav/Projects/New_Projects/Task-Management/backend/node_modules/mongoose/lib/cast/objectid.js:25:12)
      at SchemaObjectId.cast (/home/gaurav/Projects/New_Projects/Task-Management/backend/node_modules/mongoose/lib/schema/objectId.js:249:12)
      at SchemaType.applySetters (/home/gaurav/Projects/New_Projects/Task-Management/backend/node_modules/mongoose/lib/schemaType.js:1258:12)
      at SchemaType.castForQuery (/home/gaurav/Projects/New_Projects/Task-Management/backend/node_modules/mongoose/lib/schemaType.js:1680:17)
      at cast (/home/gaurav/Projects/New_Projects/Task-Management/backend/node_modules/mongoose/lib/cast.js:390:32)
      at cast (/home/gaurav/Projects/New_Projects/Task-Management/backend/node_modules/mongoose/lib/cast.js:76:20)
      at Query.cast (/home/gaurav/Projects/New_Projects/Task-Management/backend/node_modules/mongoose/lib/query.js:5060:12)
      at Query._castConditions (/home/gaurav/Projects/New_Projects/Task-Management/backend/node_modules/mongoose/lib/query.js:2374:10)
      at model.Query._find (/home/gaurav/Projects/New_Projects/Task-Management/backend/node_modules/mongoose/lib/query.js:2401:8),
  valueType: 'string'
}
Get projects error: CastError: Cast to ObjectId failed for value "mock_user_1" (type string) at path "user" for model "Project"
    at SchemaObjectId.cast (/home/gaurav/Projects/New_Projects/Task-Management/backend/node_modules/mongoose/lib/schema/objectId.js:251:11)
    at SchemaType.applySetters (/home/gaurav/Projects/New_Projects/Task-Management/backend/node_modules/mongoose/lib/schemaType.js:1258:12)
    at SchemaType.castForQuery (/home/gaurav/Projects/New_Projects/Task-Management/backend/node_modules/mongoose/lib/schemaType.js:1680:17)
    at cast (/home/gaurav/Projects/New_Projects/Task-Management/backend/node_modules/mongoose/lib/cast.js:390:32)
    at cast (/home/gaurav/Projects/New_Projects/Task-Management/backend/node_modules/mongoose/lib/cast.js:76:20)
    at Query.cast (/home/gaurav/Projects/New_Projects/Task-Management/backend/node_modules/mongoose/lib/query.js:5060:12)
    at Query._castConditions (/home/gaurav/Projects/New_Projects/Task-Management/backend/node_modules/mongoose/lib/query.js:2374:10)
    at model.Query._find (/home/gaurav/Projects/New_Projects/Task-Management/backend/node_modules/mongoose/lib/query.js:2401:8)
    at model.Query.exec (/home/gaurav/Projects/New_Projects/Task-Management/backend/node_modules/mongoose/lib/query.js:4627:80)
    at process.processTicksAndRejections (node:internal/process/task_queues:105:5) {
  stringValue: '"mock_user_1"',
  messageFormat: undefined,
  kind: 'ObjectId',
  value: 'mock_user_1',
  path: 'user',
  reason: BSONError: input must be a 24 character hex string, 12 byte Uint8Array, or an integer
      at new ObjectId (/home/gaurav/Projects/New_Projects/Task-Management/backend/node_modules/bson/lib/bson.cjs:2538:23)
      at castObjectId (/home/gaurav/Projects/New_Projects/Task-Management/backend/node_modules/mongoose/lib/cast/objectid.js:25:12)
      at SchemaObjectId.cast (/home/gaurav/Projects/New_Projects/Task-Management/backend/node_modules/mongoose/lib/schema/objectId.js:249:12)
      at SchemaType.applySetters (/home/gaurav/Projects/New_Projects/Task-Management/backend/node_modules/mongoose/lib/schemaType.js:1258:12)
      at SchemaType.castForQuery (/home/gaurav/Projects/New_Projects/Task-Management/backend/node_modules/mongoose/lib/schemaType.js:1680:17)
      at cast (/home/gaurav/Projects/New_Projects/Task-Management/backend/node_modules/mongoose/lib/cast.js:390:32)
      at cast (/home/gaurav/Projects/New_Projects/Task-Management/backend/node_modules/mongoose/lib/cast.js:76:20)
      at Query.cast (/home/gaurav/Projects/New_Projects/Task-Management/backend/node_modules/mongoose/lib/query.js:5060:12)
      at Query._castConditions (/home/gaurav/Projects/New_Projects/Task-Management/backend/node_modules/mongoose/lib/query.js:2374:10)
      at model.Query._find (/home/gaurav/Projects/New_Projects/Task-Management/backend/node_modules/mongoose/lib/query.js:2401:8),
  valueType: 'string'
}
Get projects error: CastError: Cast to ObjectId failed for value "mock_user_1" (type string) at path "user" for model "Project"
    at SchemaObjectId.cast (/home/gaurav/Projects/New_Projects/Task-Management/backend/node_modules/mongoose/lib/schema/objectId.js:251:11)
    at SchemaType.applySetters (/home/gaurav/Projects/New_Projects/Task-Management/backend/node_modules/mongoose/lib/schemaType.js:1258:12)
    at SchemaType.castForQuery (/home/gaurav/Projects/New_Projects/Task-Management/backend/node_modules/mongoose/lib/schemaType.js:1680:17)
    at cast (/home/gaurav/Projects/New_Projects/Task-Management/backend/node_modules/mongoose/lib/cast.js:390:32)
    at cast (/home/gaurav/Projects/New_Projects/Task-Management/backend/node_modules/mongoose/lib/cast.js:76:20)
    at Query.cast (/home/gaurav/Projects/New_Projects/Task-Management/backend/node_modules/mongoose/lib/query.js:5060:12)
    at Query._castConditions (/home/gaurav/Projects/New_Projects/Task-Management/backend/node_modules/mongoose/lib/query.js:2374:10)
    at model.Query._find (/home/gaurav/Projects/New_Projects/Task-Management/backend/node_modules/mongoose/lib/query.js:2401:8)
    at model.Query.exec (/home/gaurav/Projects/New_Projects/Task-Management/backend/node_modules/mongoose/lib/query.js:4627:80)
    at process.processTicksAndRejections (node:internal/process/task_queues:105:5) {
  stringValue: '"mock_user_1"',
  messageFormat: undefined,
  kind: 'ObjectId',
  value: 'mock_user_1',
  path: 'user',
  reason: BSONError: input must be a 24 character hex string, 12 byte Uint8Array, or an integer
      at new ObjectId (/home/gaurav/Projects/New_Projects/Task-Management/backend/node_modules/bson/lib/bson.cjs:2538:23)
      at castObjectId (/home/gaurav/Projects/New_Projects/Task-Management/backend/node_modules/mongoose/lib/cast/objectid.js:25:12)
      at SchemaObjectId.cast (/home/gaurav/Projects/New_Projects/Task-Management/backend/node_modules/mongoose/lib/schema/objectId.js:249:12)
      at SchemaType.applySetters (/home/gaurav/Projects/New_Projects/Task-Management/backend/node_modules/mongoose/lib/schemaType.js:1258:12)
      at SchemaType.castForQuery (/home/gaurav/Projects/New_Projects/Task-Management/backend/node_modules/mongoose/lib/schemaType.js:1680:17)
      at cast (/home/gaurav/Projects/New_Projects/Task-Management/backend/node_modules/mongoose/lib/cast.js:390:32)
      at cast (/home/gaurav/Projects/New_Projects/Task-Management/backend/node_modules/mongoose/lib/cast.js:76:20)
      at Query.cast (/home/gaurav/Projects/New_Projects/Task-Management/backend/node_modules/mongoose/lib/query.js:5060:12)
      at Query._castConditions (/home/gaurav/Projects/New_Projects/Task-Management/backend/node_modules/mongoose/lib/query.js:2374:10)
      at model.Query._find (/home/gaurav/Projects/New_Projects/Task-Management/backend/node_modules/mongoose/lib/query.js:2401:8),
  valueType: 'string'
}
Get projects error: CastError: Cast to ObjectId failed for value "mock_user_1" (type string) at path "user" for model "Project"
    at SchemaObjectId.cast (/home/gaurav/Projects/New_Projects/Task-Management/backend/node_modules/mongoose/lib/schema/objectId.js:251:11)
    at SchemaType.applySetters (/home/gaurav/Projects/New_Projects/Task-Management/backend/node_modules/mongoose/lib/schemaType.js:1258:12)
    at SchemaType.castForQuery (/home/gaurav/Projects/New_Projects/Task-Management/backend/node_modules/mongoose/lib/schemaType.js:1680:17)
    at cast (/home/gaurav/Projects/New_Projects/Task-Management/backend/node_modules/mongoose/lib/cast.js:390:32)
    at cast (/home/gaurav/Projects/New_Projects/Task-Management/backend/node_modules/mongoose/lib/cast.js:76:20)
    at Query.cast (/home/gaurav/Projects/New_Projects/Task-Management/backend/node_modules/mongoose/lib/query.js:5060:12)
    at Query._castConditions (/home/gaurav/Projects/New_Projects/Task-Management/backend/node_modules/mongoose/lib/query.js:2374:10)
    at model.Query._find (/home/gaurav/Projects/New_Projects/Task-Management/backend/node_modules/mongoose/lib/query.js:2401:8)
    at model.Query.exec (/home/gaurav/Projects/New_Projects/Task-Management/backend/node_modules/mongoose/lib/query.js:4627:80)
    at process.processTicksAndRejections (node:internal/process/task_queues:105:5) {
  stringValue: '"mock_user_1"',
  messageFormat: undefined,
  kind: 'ObjectId',
  value: 'mock_user_1',
  path: 'user',
  reason: BSONError: input must be a 24 character hex string, 12 byte Uint8Array, or an integer
      at new ObjectId (/home/gaurav/Projects/New_Projects/Task-Management/backend/node_modules/bson/lib/bson.cjs:2538:23)
      at castObjectId (/home/gaurav/Projects/New_Projects/Task-Management/backend/node_modules/mongoose/lib/cast/objectid.js:25:12)
      at SchemaObjectId.cast (/home/gaurav/Projects/New_Projects/Task-Management/backend/node_modules/mongoose/lib/schema/objectId.js:249:12)
      at SchemaType.applySetters (/home/gaurav/Projects/New_Projects/Task-Management/backend/node_modules/mongoose/lib/schemaType.js:1258:12)
      at SchemaType.castForQuery (/home/gaurav/Projects/New_Projects/Task-Management/backend/node_modules/mongoose/lib/schemaType.js:1680:17)
      at cast (/home/gaurav/Projects/New_Projects/Task-Management/backend/node_modules/mongoose/lib/cast.js:390:32)
      at cast (/home/gaurav/Projects/New_Projects/Task-Management/backend/node_modules/mongoose/lib/cast.js:76:20)
      at Query.cast (/home/gaurav/Projects/New_Projects/Task-Management/backend/node_modules/mongoose/lib/query.js:5060:12)
      at Query._castConditions (/home/gaurav/Projects/New_Projects/Task-Management/backend/node_modules/mongoose/lib/query.js:2374:10)
      at model.Query._find (/home/gaurav/Projects/New_Projects/Task-Management/backend/node_modules/mongoose/lib/query.js:2401:8),
  valueType: 'string'
}
Get projects error: CastError: Cast to ObjectId failed for value "mock_user_1" (type string) at path "user" for model "Project"
    at SchemaObjectId.cast (/home/gaurav/Projects/New_Projects/Task-Management/backend/node_modules/mongoose/lib/schema/objectId.js:251:11)
    at SchemaType.applySetters (/home/gaurav/Projects/New_Projects/Task-Management/backend/node_modules/mongoose/lib/schemaType.js:1258:12)
    at SchemaType.castForQuery (/home/gaurav/Projects/New_Projects/Task-Management/backend/node_modules/mongoose/lib/schemaType.js:1680:17)
    at cast (/home/gaurav/Projects/New_Projects/Task-Management/backend/node_modules/mongoose/lib/cast.js:390:32)
    at cast (/home/gaurav/Projects/New_Projects/Task-Management/backend/node_modules/mongoose/lib/cast.js:76:20)
    at Query.cast (/home/gaurav/Projects/New_Projects/Task-Management/backend/node_modules/mongoose/lib/query.js:5060:12)
    at Query._castConditions (/home/gaurav/Projects/New_Projects/Task-Management/backend/node_modules/mongoose/lib/query.js:2374:10)
    at model.Query._find (/home/gaurav/Projects/New_Projects/Task-Management/backend/node_modules/mongoose/lib/query.js:2401:8)
    at model.Query.exec (/home/gaurav/Projects/New_Projects/Task-Management/backend/node_modules/mongoose/lib/query.js:4627:80)
    at process.processTicksAndRejections (node:internal/process/task_queues:105:5) {
  stringValue: '"mock_user_1"',
  messageFormat: undefined,
  kind: 'ObjectId',
  value: 'mock_user_1',
  path: 'user',
  reason: BSONError: input must be a 24 character hex string, 12 byte Uint8Array, or an integer
      at new ObjectId (/home/gaurav/Projects/New_Projects/Task-Management/backend/node_modules/bson/lib/bson.cjs:2538:23)
      at castObjectId (/home/gaurav/Projects/New_Projects/Task-Management/backend/node_modules/mongoose/lib/cast/objectid.js:25:12)
      at SchemaObjectId.cast (/home/gaurav/Projects/New_Projects/Task-Management/backend/node_modules/mongoose/lib/schema/objectId.js:249:12)
      at SchemaType.applySetters (/home/gaurav/Projects/New_Projects/Task-Management/backend/node_modules/mongoose/lib/schemaType.js:1258:12)
      at SchemaType.castForQuery (/home/gaurav/Projects/New_Projects/Task-Management/backend/node_modules/mongoose/lib/schemaType.js:1680:17)
      at cast (/home/gaurav/Projects/New_Projects/Task-Management/backend/node_modules/mongoose/lib/cast.js:390:32)
      at cast (/home/gaurav/Projects/New_Projects/Task-Management/backend/node_modules/mongoose/lib/cast.js:76:20)
      at Query.cast (/home/gaurav/Projects/New_Projects/Task-Management/backend/node_modules/mongoose/lib/query.js:5060:12)
      at Query._castConditions (/home/gaurav/Projects/New_Projects/Task-Management/backend/node_modules/mongoose/lib/query.js:2374:10)
      at model.Query._find (/home/gaurav/Projects/New_Projects/Task-Management/backend/node_modules/mongoose/lib/query.js:2401:8),
  valueType: 'string'
}
Get projects error: CastError: Cast to ObjectId failed for value "mock_user_1" (type string) at path "user" for model "Project"
    at SchemaObjectId.cast (/home/gaurav/Projects/New_Projects/Task-Management/backend/node_modules/mongoose/lib/schema/objectId.js:251:11)
    at SchemaType.applySetters (/home/gaurav/Projects/New_Projects/Task-Management/backend/node_modules/mongoose/lib/schemaType.js:1258:12)
    at SchemaType.castForQuery (/home/gaurav/Projects/New_Projects/Task-Management/backend/node_modules/mongoose/lib/schemaType.js:1680:17)
    at cast (/home/gaurav/Projects/New_Projects/Task-Management/backend/node_modules/mongoose/lib/cast.js:390:32)
    at cast (/home/gaurav/Projects/New_Projects/Task-Management/backend/node_modules/mongoose/lib/cast.js:76:20)
    at Query.cast (/home/gaurav/Projects/New_Projects/Task-Management/backend/node_modules/mongoose/lib/query.js:5060:12)
    at Query._castConditions (/home/gaurav/Projects/New_Projects/Task-Management/backend/node_modules/mongoose/lib/query.js:2374:10)
    at model.Query._find (/home/gaurav/Projects/New_Projects/Task-Management/backend/node_modules/mongoose/lib/query.js:2401:8)
    at model.Query.exec (/home/gaurav/Projects/New_Projects/Task-Management/backend/node_modules/mongoose/lib/query.js:4627:80)
    at process.processTicksAndRejections (node:internal/process/task_queues:105:5) {
  stringValue: '"mock_user_1"',
  messageFormat: undefined,
  kind: 'ObjectId',
  value: 'mock_user_1',
  path: 'user',
  reason: BSONError: input must be a 24 character hex string, 12 byte Uint8Array, or an integer
      at new ObjectId (/home/gaurav/Projects/New_Projects/Task-Management/backend/node_modules/bson/lib/bson.cjs:2538:23)
      at castObjectId (/home/gaurav/Projects/New_Projects/Task-Management/backend/node_modules/mongoose/lib/cast/objectid.js:25:12)
      at SchemaObjectId.cast (/home/gaurav/Projects/New_Projects/Task-Management/backend/node_modules/mongoose/lib/schema/objectId.js:249:12)
      at SchemaType.applySetters (/home/gaurav/Projects/New_Projects/Task-Management/backend/node_modules/mongoose/lib/schemaType.js:1258:12)
      at SchemaType.castForQuery (/home/gaurav/Projects/New_Projects/Task-Management/backend/node_modules/mongoose/lib/schemaType.js:1680:17)
      at cast (/home/gaurav/Projects/New_Projects/Task-Management/backend/node_modules/mongoose/lib/cast.js:390:32)
      at cast (/home/gaurav/Projects/New_Projects/Task-Management/backend/node_modules/mongoose/lib/cast.js:76:20)
      at Query.cast (/home/gaurav/Projects/New_Projects/Task-Management/backend/node_modules/mongoose/lib/query.js:5060:12)
      at Query._castConditions (/home/gaurav/Projects/New_Projects/Task-Management/backend/node_modules/mongoose/lib/query.js:2374:10)
      at model.Query._find (/home/gaurav/Projects/New_Projects/Task-Management/backend/node_modules/mongoose/lib/query.js:2401:8),
  valueType: 'string'
}
