
> frontend@0.1.0 start
> react-scripts start

(node:2055645) [DEP_WEBPACK_DEV_SERVER_ON_AFTER_SETUP_MIDDLEWARE] DeprecationWarning: 'onAfterSetupMiddleware' option is deprecated. Please use the 'setupMiddlewares' option.
(Use `node --trace-deprecation ...` to show where the warning was created)
(node:2055645) [DEP_WEBPACK_DEV_SERVER_ON_BEFORE_SETUP_MIDDLEWARE] DeprecationWarning: 'onBeforeSetupMiddleware' option is deprecated. Please use the 'setupMiddlewares' option.
Starting the development server...

Compiled successfully!

You can now view frontend in the browser.

  Local:            http://localhost:3000
  On Your Network:  http://192.168.0.125:3000

Note that the development build is not optimized.
To create a production build, use npm run build.

webpack compiled successfully
Compiling...
Compiled successfully!
webpack compiled successfully
Compiling...
Compiled successfully!
webpack compiled successfully
Compiling...
Compiled with warnings.

[eslint] 
src/pages/Login.js
  Line 28:9:  'theme' is assigned a value but never used  no-unused-vars

Search for the keywords to learn more about each warning.
To ignore, add // eslint-disable-next-line to the line before.

WARNING in [eslint] 
src/pages/Login.js
  Line 28:9:  'theme' is assigned a value but never used  no-unused-vars

webpack compiled with 1 warning
Compiling...
Compiled with warnings.

[eslint] 
src/pages/Login.js
  Line 28:9:  'theme' is assigned a value but never used  no-unused-vars

Search for the keywords to learn more about each warning.
To ignore, add // eslint-disable-next-line to the line before.

WARNING in [eslint] 
src/pages/Login.js
  Line 28:9:  'theme' is assigned a value but never used  no-unused-vars

webpack compiled with 1 warning
Compiling...
Failed to compile.

[eslint] 
src/components/Navigation.js
  Line 67:24:   'handleDrawerToggle' is not defined     no-undef
  Line 80:16:   'navigationItems' is not defined        no-undef
  Line 87:30:   'isActivePath' is not defined           no-undef
  Line 109:22:  'handleProfileMenuOpen' is not defined  no-undef
  Line 123:18:  'handleDrawerToggle' is not defined     no-undef
  Line 132:10:  'drawer' is not defined                 no-undef
  Line 149:18:  'handleMenuClose' is not defined        no-undef
  Line 151:58:  'handleMenuClose' is not defined        no-undef
  Line 156:28:  'handleLogout' is not defined           no-undef

Search for the keywords to learn more about each error.
WARNING in [eslint] 
src/components/Navigation.js
  Line 14:3:   'List' is defined but never used                    no-unused-vars
  Line 15:3:   'ListItem' is defined but never used                no-unused-vars
  Line 16:3:   'ListItemIcon' is defined but never used            no-unused-vars
  Line 17:3:   'ListItemText' is defined but never used            no-unused-vars
  Line 18:3:   'ListItemButton' is defined but never used          no-unused-vars
  Line 25:16:  'DashboardIcon' is defined but never used           no-unused-vars
  Line 26:17:  'TaskIcon' is defined but never used                no-unused-vars
  Line 27:10:  'AddIcon' is defined but never used                 no-unused-vars
  Line 41:17:  'logout' is assigned a value but never used         no-unused-vars
  Line 44:20:  'setAnchorEl' is assigned a value but never used    no-unused-vars
  Line 45:22:  'setMobileOpen' is assigned a value but never used  no-unused-vars

src/pages/Login.js
  Line 28:9:  'theme' is assigned a value but never used  no-unused-vars

ERROR in [eslint] 
src/components/Navigation.js
  Line 67:24:   'handleDrawerToggle' is not defined     no-undef
  Line 80:16:   'navigationItems' is not defined        no-undef
  Line 87:30:   'isActivePath' is not defined           no-undef
  Line 109:22:  'handleProfileMenuOpen' is not defined  no-undef
  Line 123:18:  'handleDrawerToggle' is not defined     no-undef
  Line 132:10:  'drawer' is not defined                 no-undef
  Line 149:18:  'handleMenuClose' is not defined        no-undef
  Line 151:58:  'handleMenuClose' is not defined        no-undef
  Line 156:28:  'handleLogout' is not defined           no-undef

Search for the keywords to learn more about each error.

webpack compiled with 1 error and 1 warning
Compiling...
Compiled with warnings.

[eslint] 
src/pages/Login.js
  Line 28:9:  'theme' is assigned a value but never used  no-unused-vars

Search for the keywords to learn more about each warning.
To ignore, add // eslint-disable-next-line to the line before.

WARNING in [eslint] 
src/pages/Login.js
  Line 28:9:  'theme' is assigned a value but never used  no-unused-vars

webpack compiled with 1 warning
Compiling...
Compiled with warnings.

[eslint] 
src/pages/Login.js
  Line 28:9:  'theme' is assigned a value but never used  no-unused-vars

Search for the keywords to learn more about each warning.
To ignore, add // eslint-disable-next-line to the line before.

WARNING in [eslint] 
src/pages/Login.js
  Line 28:9:  'theme' is assigned a value but never used  no-unused-vars

webpack compiled with 1 warning
Compiling...
Compiled with warnings.

[eslint] 
src/pages/Login.js
  Line 28:9:  'theme' is assigned a value but never used  no-unused-vars

Search for the keywords to learn more about each warning.
To ignore, add // eslint-disable-next-line to the line before.

WARNING in [eslint] 
src/pages/Login.js
  Line 28:9:  'theme' is assigned a value but never used  no-unused-vars

webpack compiled with 1 warning
Compiling...
Compiled with warnings.

[eslint] 
src/pages/Login.js
  Line 28:9:  'theme' is assigned a value but never used  no-unused-vars

Search for the keywords to learn more about each warning.
To ignore, add // eslint-disable-next-line to the line before.

WARNING in [eslint] 
src/pages/Login.js
  Line 28:9:  'theme' is assigned a value but never used  no-unused-vars

webpack compiled with 1 warning
Compiling...
Compiled with warnings.

[eslint] 
src/pages/Login.js
  Line 28:9:  'theme' is assigned a value but never used  no-unused-vars

Search for the keywords to learn more about each warning.
To ignore, add // eslint-disable-next-line to the line before.

WARNING in [eslint] 
src/pages/Login.js
  Line 28:9:  'theme' is assigned a value but never used  no-unused-vars

webpack compiled with 1 warning
Compiling...
Compiled with warnings.

[eslint] 
src/pages/Login.js
  Line 28:9:  'theme' is assigned a value but never used  no-unused-vars

Search for the keywords to learn more about each warning.
To ignore, add // eslint-disable-next-line to the line before.

WARNING in [eslint] 
src/pages/Login.js
  Line 28:9:  'theme' is assigned a value but never used  no-unused-vars

webpack compiled with 1 warning
Compiling...
Compiled with warnings.

[eslint] 
src/pages/Login.js
  Line 28:9:  'theme' is assigned a value but never used  no-unused-vars

Search for the keywords to learn more about each warning.
To ignore, add // eslint-disable-next-line to the line before.

WARNING in [eslint] 
src/pages/Login.js
  Line 28:9:  'theme' is assigned a value but never used  no-unused-vars

webpack compiled with 1 warning
Compiling...
Compiled with warnings.

[eslint] 
src/pages/Login.js
  Line 28:9:  'theme' is assigned a value but never used  no-unused-vars

Search for the keywords to learn more about each warning.
To ignore, add // eslint-disable-next-line to the line before.

WARNING in [eslint] 
src/pages/Login.js
  Line 28:9:  'theme' is assigned a value but never used  no-unused-vars

webpack compiled with 1 warning
Compiling...
Compiled with warnings.

[eslint] 
src/pages/Login.js
  Line 28:9:  'theme' is assigned a value but never used  no-unused-vars

Search for the keywords to learn more about each warning.
To ignore, add // eslint-disable-next-line to the line before.

WARNING in [eslint] 
src/pages/Login.js
  Line 28:9:  'theme' is assigned a value but never used  no-unused-vars

webpack compiled with 1 warning
Compiling...
Compiled with warnings.

[eslint] 
src/pages/Login.js
  Line 28:9:  'theme' is assigned a value but never used  no-unused-vars

Search for the keywords to learn more about each warning.
To ignore, add // eslint-disable-next-line to the line before.

WARNING in [eslint] 
src/pages/Login.js
  Line 28:9:  'theme' is assigned a value but never used  no-unused-vars

webpack compiled with 1 warning
Compiling...
Compiled with warnings.

[eslint] 
src/pages/Login.js
  Line 28:9:  'theme' is assigned a value but never used  no-unused-vars

Search for the keywords to learn more about each warning.
To ignore, add // eslint-disable-next-line to the line before.

WARNING in [eslint] 
src/pages/Login.js
  Line 28:9:  'theme' is assigned a value but never used  no-unused-vars

webpack compiled with 1 warning
Compiling...
Compiled with warnings.

[eslint] 
src/pages/Login.js
  Line 28:9:  'theme' is assigned a value but never used  no-unused-vars

Search for the keywords to learn more about each warning.
To ignore, add // eslint-disable-next-line to the line before.

WARNING in [eslint] 
src/pages/Login.js
  Line 28:9:  'theme' is assigned a value but never used  no-unused-vars

webpack compiled with 1 warning
Compiling...
Compiled with warnings.

[eslint] 
src/pages/Login.js
  Line 28:9:  'theme' is assigned a value but never used  no-unused-vars

Search for the keywords to learn more about each warning.
To ignore, add // eslint-disable-next-line to the line before.

WARNING in [eslint] 
src/pages/Login.js
  Line 28:9:  'theme' is assigned a value but never used  no-unused-vars

webpack compiled with 1 warning
Compiling...
Compiled with warnings.

[eslint] 
src/pages/Login.js
  Line 28:9:  'theme' is assigned a value but never used  no-unused-vars

Search for the keywords to learn more about each warning.
To ignore, add // eslint-disable-next-line to the line before.

WARNING in [eslint] 
src/pages/Login.js
  Line 28:9:  'theme' is assigned a value but never used  no-unused-vars

webpack compiled with 1 warning
Compiling...
Compiled with warnings.

[eslint] 
src/pages/Login.js
  Line 28:9:  'theme' is assigned a value but never used  no-unused-vars

Search for the keywords to learn more about each warning.
To ignore, add // eslint-disable-next-line to the line before.

WARNING in [eslint] 
src/pages/Login.js
  Line 28:9:  'theme' is assigned a value but never used  no-unused-vars

webpack compiled with 1 warning
Compiling...
Compiled with warnings.

[eslint] 
src/pages/Login.js
  Line 28:9:  'theme' is assigned a value but never used  no-unused-vars

Search for the keywords to learn more about each warning.
To ignore, add // eslint-disable-next-line to the line before.

WARNING in [eslint] 
src/pages/Login.js
  Line 28:9:  'theme' is assigned a value but never used  no-unused-vars

webpack compiled with 1 warning
Compiling...
Compiled with warnings.

[eslint] 
src/pages/Login.js
  Line 28:9:  'theme' is assigned a value but never used  no-unused-vars

Search for the keywords to learn more about each warning.
To ignore, add // eslint-disable-next-line to the line before.

WARNING in [eslint] 
src/pages/Login.js
  Line 28:9:  'theme' is assigned a value but never used  no-unused-vars

webpack compiled with 1 warning
Compiling...
Compiled with warnings.

[eslint] 
src/components/CalendarView.js
  Line 41:10:  'eventForm' is assigned a value but never used     no-unused-vars
  Line 41:21:  'setEventForm' is assigned a value but never used  no-unused-vars

src/pages/Login.js
  Line 28:9:  'theme' is assigned a value but never used  no-unused-vars

Search for the keywords to learn more about each warning.
To ignore, add // eslint-disable-next-line to the line before.

WARNING in [eslint] 
src/components/CalendarView.js
  Line 41:10:  'eventForm' is assigned a value but never used     no-unused-vars
  Line 41:21:  'setEventForm' is assigned a value but never used  no-unused-vars

src/pages/Login.js
  Line 28:9:  'theme' is assigned a value but never used  no-unused-vars

webpack compiled with 1 warning
Compiling...
Compiled with warnings.

[eslint] 
src/components/CalendarView.js
  Line 184:9:  'handleEventFormChange' is assigned a value but never used  no-unused-vars
  Line 192:9:  'handleSaveEvent' is assigned a value but never used        no-unused-vars

src/pages/Login.js
  Line 28:9:  'theme' is assigned a value but never used  no-unused-vars

Search for the keywords to learn more about each warning.
To ignore, add // eslint-disable-next-line to the line before.

WARNING in [eslint] 
src/components/CalendarView.js
  Line 184:9:  'handleEventFormChange' is assigned a value but never used  no-unused-vars
  Line 192:9:  'handleSaveEvent' is assigned a value but never used        no-unused-vars

src/pages/Login.js
  Line 28:9:  'theme' is assigned a value but never used  no-unused-vars

webpack compiled with 1 warning
Compiling...
Compiled with warnings.

[eslint] 
src/components/CalendarView.js
  Line 40:10:  'selectedDateForEvent' is assigned a value but never used  no-unused-vars
  Line 192:9:  'handleSaveEvent' is assigned a value but never used       no-unused-vars

src/pages/Login.js
  Line 28:9:  'theme' is assigned a value but never used  no-unused-vars

Search for the keywords to learn more about each warning.
To ignore, add // eslint-disable-next-line to the line before.

WARNING in [eslint] 
src/components/CalendarView.js
  Line 40:10:  'selectedDateForEvent' is assigned a value but never used  no-unused-vars
  Line 192:9:  'handleSaveEvent' is assigned a value but never used       no-unused-vars

src/pages/Login.js
  Line 28:9:  'theme' is assigned a value but never used  no-unused-vars

webpack compiled with 1 warning
Compiling...
Compiled with warnings.

[eslint] 
src/components/CalendarView.js
  Line 40:10:  'selectedDateForEvent' is assigned a value but never used  no-unused-vars

src/pages/Login.js
  Line 28:9:  'theme' is assigned a value but never used  no-unused-vars

Search for the keywords to learn more about each warning.
To ignore, add // eslint-disable-next-line to the line before.

WARNING in [eslint] 
src/components/CalendarView.js
  Line 40:10:  'selectedDateForEvent' is assigned a value but never used  no-unused-vars

src/pages/Login.js
  Line 28:9:  'theme' is assigned a value but never used  no-unused-vars

webpack compiled with 1 warning
Compiling...
Compiled with warnings.

[eslint] 
src/components/CalendarView.js
  Line 40:10:  'selectedDateForEvent' is assigned a value but never used  no-unused-vars

src/pages/Login.js
  Line 28:9:  'theme' is assigned a value but never used  no-unused-vars

Search for the keywords to learn more about each warning.
To ignore, add // eslint-disable-next-line to the line before.

WARNING in [eslint] 
src/components/CalendarView.js
  Line 40:10:  'selectedDateForEvent' is assigned a value but never used  no-unused-vars

src/pages/Login.js
  Line 28:9:  'theme' is assigned a value but never used  no-unused-vars

webpack compiled with 1 warning
Compiling...
Failed to compile.

[eslint] 
src/components/CalendarView.js
  Line 173:5:  'setSelectedDateForEvent' is not defined  no-undef

Search for the keywords to learn more about each error.
WARNING in [eslint] 
src/pages/Login.js
  Line 28:9:  'theme' is assigned a value but never used  no-unused-vars

ERROR in [eslint] 
src/components/CalendarView.js
  Line 173:5:  'setSelectedDateForEvent' is not defined  no-undef

Search for the keywords to learn more about each error.

webpack compiled with 1 error and 1 warning
Compiling...
Compiled with warnings.

[eslint] 
src/pages/Login.js
  Line 28:9:  'theme' is assigned a value but never used  no-unused-vars

Search for the keywords to learn more about each warning.
To ignore, add // eslint-disable-next-line to the line before.

WARNING in [eslint] 
src/pages/Login.js
  Line 28:9:  'theme' is assigned a value but never used  no-unused-vars

webpack compiled with 1 warning
Compiling...
Compiled with warnings.

[eslint] 
src/pages/Login.js
  Line 28:9:  'theme' is assigned a value but never used  no-unused-vars

Search for the keywords to learn more about each warning.
To ignore, add // eslint-disable-next-line to the line before.

WARNING in [eslint] 
src/pages/Login.js
  Line 28:9:  'theme' is assigned a value but never used  no-unused-vars

webpack compiled with 1 warning
Compiling...
Compiled with warnings.

[eslint] 
src/pages/Dashboard.js
  Line 2:10:  'useNavigate' is defined but never used  no-unused-vars

src/pages/Login.js
  Line 28:9:  'theme' is assigned a value but never used  no-unused-vars

Search for the keywords to learn more about each warning.
To ignore, add // eslint-disable-next-line to the line before.

WARNING in [eslint] 
src/pages/Dashboard.js
  Line 2:10:  'useNavigate' is defined but never used  no-unused-vars

src/pages/Login.js
  Line 28:9:  'theme' is assigned a value but never used  no-unused-vars

webpack compiled with 1 warning
Compiling...
Compiled with warnings.

[eslint] 
src/pages/Dashboard.js
  Line 38:9:  'navigate' is assigned a value but never used  no-unused-vars

src/pages/Login.js
  Line 28:9:  'theme' is assigned a value but never used  no-unused-vars

Search for the keywords to learn more about each warning.
To ignore, add // eslint-disable-next-line to the line before.

WARNING in [eslint] 
src/pages/Dashboard.js
  Line 38:9:  'navigate' is assigned a value but never used  no-unused-vars

src/pages/Login.js
  Line 28:9:  'theme' is assigned a value but never used  no-unused-vars

webpack compiled with 1 warning
Compiling...
Failed to compile.

[eslint] 
src/pages/Dashboard.js
Syntax error: Unexpected token (160:14) (160:14)
WARNING in [eslint] 
src/pages/Login.js
  Line 28:9:  'theme' is assigned a value but never used  no-unused-vars

ERROR in ./src/pages/Dashboard.js
Module build failed (from ./node_modules/babel-loader/lib/index.js):
SyntaxError: /home/gaurav/Projects/New_Projects/Task-Management/frontend/src/pages/Dashboard.js: Unexpected token (160:14)

  158 |                 onClick={() => navigate('/tasks')}
  159 |                 sx={{
> 160 |               >
      |               ^
  161 |                 <Avatar sx={{ bgcolor: 'primary.main', mx: 'auto', mb: 2 }}>
  162 |                   <Assignment />
  163 |                 </Avatar>
    at constructor (/home/gaurav/Projects/New_Projects/Task-Management/frontend/node_modules/@babel/parser/lib/index.js:367:19)
    at FlowParserMixin.raise (/home/gaurav/Projects/New_Projects/Task-Management/frontend/node_modules/@babel/parser/lib/index.js:6630:19)
    at FlowParserMixin.unexpected (/home/gaurav/Projects/New_Projects/Task-Management/frontend/node_modules/@babel/parser/lib/index.js:6650:16)
    at FlowParserMixin.parsePropertyName (/home/gaurav/Projects/New_Projects/Task-Management/frontend/node_modules/@babel/parser/lib/index.js:12030:18)
    at FlowParserMixin.parsePropertyDefinition (/home/gaurav/Projects/New_Projects/Task-Management/frontend/node_modules/@babel/parser/lib/index.js:11895:10)
    at FlowParserMixin.parseObjectLike (/home/gaurav/Projects/New_Projects/Task-Management/frontend/node_modules/@babel/parser/lib/index.js:11836:21)
    at FlowParserMixin.parseExprAtom (/home/gaurav/Projects/New_Projects/Task-Management/frontend/node_modules/@babel/parser/lib/index.js:11339:23)
    at FlowParserMixin.parseExprAtom (/home/gaurav/Projects/New_Projects/Task-Management/frontend/node_modules/@babel/parser/lib/index.js:4797:20)
    at FlowParserMixin.parseExprSubscripts (/home/gaurav/Projects/New_Projects/Task-Management/frontend/node_modules/@babel/parser/lib/index.js:11081:23)
    at FlowParserMixin.parseUpdate (/home/gaurav/Projects/New_Projects/Task-Management/frontend/node_modules/@babel/parser/lib/index.js:11066:21)
    at FlowParserMixin.parseMaybeUnary (/home/gaurav/Projects/New_Projects/Task-Management/frontend/node_modules/@babel/parser/lib/index.js:11046:23)
    at FlowParserMixin.parseMaybeUnaryOrPrivate (/home/gaurav/Projects/New_Projects/Task-Management/frontend/node_modules/@babel/parser/lib/index.js:10899:61)
    at FlowParserMixin.parseExprOps (/home/gaurav/Projects/New_Projects/Task-Management/frontend/node_modules/@babel/parser/lib/index.js:10904:23)
    at FlowParserMixin.parseMaybeConditional (/home/gaurav/Projects/New_Projects/Task-Management/frontend/node_modules/@babel/parser/lib/index.js:10881:23)
    at FlowParserMixin.parseMaybeAssign (/home/gaurav/Projects/New_Projects/Task-Management/frontend/node_modules/@babel/parser/lib/index.js:10831:21)
    at FlowParserMixin.parseMaybeAssign (/home/gaurav/Projects/New_Projects/Task-Management/frontend/node_modules/@babel/parser/lib/index.js:3582:18)
    at FlowParserMixin.parseExpressionBase (/home/gaurav/Projects/New_Projects/Task-Management/frontend/node_modules/@babel/parser/lib/index.js:10784:23)
    at /home/gaurav/Projects/New_Projects/Task-Management/frontend/node_modules/@babel/parser/lib/index.js:10780:39
    at FlowParserMixin.allowInAnd (/home/gaurav/Projects/New_Projects/Task-Management/frontend/node_modules/@babel/parser/lib/index.js:12432:12)
    at FlowParserMixin.parseExpression (/home/gaurav/Projects/New_Projects/Task-Management/frontend/node_modules/@babel/parser/lib/index.js:10780:17)
    at FlowParserMixin.jsxParseExpressionContainer (/home/gaurav/Projects/New_Projects/Task-Management/frontend/node_modules/@babel/parser/lib/index.js:4665:31)
    at FlowParserMixin.jsxParseAttributeValue (/home/gaurav/Projects/New_Projects/Task-Management/frontend/node_modules/@babel/parser/lib/index.js:4637:21)
    at FlowParserMixin.jsxParseAttribute (/home/gaurav/Projects/New_Projects/Task-Management/frontend/node_modules/@babel/parser/lib/index.js:4686:38)
    at FlowParserMixin.jsxParseOpeningElementAfterName (/home/gaurav/Projects/New_Projects/Task-Management/frontend/node_modules/@babel/parser/lib/index.js:4700:28)
    at FlowParserMixin.jsxParseOpeningElementAfterName (/home/gaurav/Projects/New_Projects/Task-Management/frontend/node_modules/@babel/parser/lib/index.js:4101:18)
    at FlowParserMixin.jsxParseOpeningElementAt (/home/gaurav/Projects/New_Projects/Task-Management/frontend/node_modules/@babel/parser/lib/index.js:4695:17)
    at FlowParserMixin.jsxParseElementAt (/home/gaurav/Projects/New_Projects/Task-Management/frontend/node_modules/@babel/parser/lib/index.js:4719:33)
    at FlowParserMixin.jsxParseElementAt (/home/gaurav/Projects/New_Projects/Task-Management/frontend/node_modules/@babel/parser/lib/index.js:4731:32)
    at FlowParserMixin.jsxParseElementAt (/home/gaurav/Projects/New_Projects/Task-Management/frontend/node_modules/@babel/parser/lib/index.js:4731:32)
    at FlowParserMixin.jsxParseElementAt (/home/gaurav/Projects/New_Projects/Task-Management/frontend/node_modules/@babel/parser/lib/index.js:4731:32)
    at FlowParserMixin.jsxParseElement (/home/gaurav/Projects/New_Projects/Task-Management/frontend/node_modules/@babel/parser/lib/index.js:4782:17)
    at FlowParserMixin.parseExprAtom (/home/gaurav/Projects/New_Projects/Task-Management/frontend/node_modules/@babel/parser/lib/index.js:4792:19)
    at FlowParserMixin.parseExprSubscripts (/home/gaurav/Projects/New_Projects/Task-Management/frontend/node_modules/@babel/parser/lib/index.js:11081:23)
    at FlowParserMixin.parseUpdate (/home/gaurav/Projects/New_Projects/Task-Management/frontend/node_modules/@babel/parser/lib/index.js:11066:21)
    at FlowParserMixin.parseMaybeUnary (/home/gaurav/Projects/New_Projects/Task-Management/frontend/node_modules/@babel/parser/lib/index.js:11046:23)
    at FlowParserMixin.parseMaybeUnaryOrPrivate (/home/gaurav/Projects/New_Projects/Task-Management/frontend/node_modules/@babel/parser/lib/index.js:10899:61)
    at FlowParserMixin.parseExprOps (/home/gaurav/Projects/New_Projects/Task-Management/frontend/node_modules/@babel/parser/lib/index.js:10904:23)
    at FlowParserMixin.parseMaybeConditional (/home/gaurav/Projects/New_Projects/Task-Management/frontend/node_modules/@babel/parser/lib/index.js:10881:23)
    at FlowParserMixin.parseMaybeAssign (/home/gaurav/Projects/New_Projects/Task-Management/frontend/node_modules/@babel/parser/lib/index.js:10831:21)
    at /home/gaurav/Projects/New_Projects/Task-Management/frontend/node_modules/@babel/parser/lib/index.js:3531:39
    at FlowParserMixin.tryParse (/home/gaurav/Projects/New_Projects/Task-Management/frontend/node_modules/@babel/parser/lib/index.js:6938:20)
    at FlowParserMixin.parseMaybeAssign (/home/gaurav/Projects/New_Projects/Task-Management/frontend/node_modules/@babel/parser/lib/index.js:3531:18)
    at /home/gaurav/Projects/New_Projects/Task-Management/frontend/node_modules/@babel/parser/lib/index.js:10800:39
    at FlowParserMixin.allowInAnd (/home/gaurav/Projects/New_Projects/Task-Management/frontend/node_modules/@babel/parser/lib/index.js:12432:12)
    at FlowParserMixin.parseMaybeAssignAllowIn (/home/gaurav/Projects/New_Projects/Task-Management/frontend/node_modules/@babel/parser/lib/index.js:10800:17)
    at FlowParserMixin.parseMaybeAssignAllowInOrVoidPattern (/home/gaurav/Projects/New_Projects/Task-Management/frontend/node_modules/@babel/parser/lib/index.js:12499:17)
    at FlowParserMixin.parseParenAndDistinguishExpression (/home/gaurav/Projects/New_Projects/Task-Management/frontend/node_modules/@babel/parser/lib/index.js:11679:28)
    at FlowParserMixin.parseParenAndDistinguishExpression (/home/gaurav/Projects/New_Projects/Task-Management/frontend/node_modules/@babel/parser/lib/index.js:3624:18)
    at FlowParserMixin.parseExprAtom (/home/gaurav/Projects/New_Projects/Task-Management/frontend/node_modules/@babel/parser/lib/index.js:11331:23)
    at FlowParserMixin.parseExprAtom (/home/gaurav/Projects/New_Projects/Task-Management/frontend/node_modules/@babel/parser/lib/index.js:4797:20)

ERROR in [eslint] 
src/pages/Dashboard.js
  Line 160:14:  Parsing error: Unexpected token (160:14)

webpack compiled with 2 errors and 1 warning
Compiling...
Compiled with warnings.

[eslint] 
src/pages/Login.js
  Line 28:9:  'theme' is assigned a value but never used  no-unused-vars

Search for the keywords to learn more about each warning.
To ignore, add // eslint-disable-next-line to the line before.

WARNING in [eslint] 
src/pages/Login.js
  Line 28:9:  'theme' is assigned a value but never used  no-unused-vars

webpack compiled with 1 warning
Compiling...
Compiled with warnings.

[eslint] 
src/pages/Login.js
  Line 28:9:  'theme' is assigned a value but never used  no-unused-vars

Search for the keywords to learn more about each warning.
To ignore, add // eslint-disable-next-line to the line before.

WARNING in [eslint] 
src/pages/Login.js
  Line 28:9:  'theme' is assigned a value but never used  no-unused-vars

webpack compiled with 1 warning
Compiling...
Compiled with warnings.

[eslint] 
src/pages/Login.js
  Line 28:9:  'theme' is assigned a value but never used  no-unused-vars

Search for the keywords to learn more about each warning.
To ignore, add // eslint-disable-next-line to the line before.

WARNING in [eslint] 
src/pages/Login.js
  Line 28:9:  'theme' is assigned a value but never used  no-unused-vars

webpack compiled with 1 warning
Compiling...
Compiled with warnings.

[eslint] 
src/pages/Login.js
  Line 28:9:  'theme' is assigned a value but never used  no-unused-vars

Search for the keywords to learn more about each warning.
To ignore, add // eslint-disable-next-line to the line before.

WARNING in [eslint] 
src/pages/Login.js
  Line 28:9:  'theme' is assigned a value but never used  no-unused-vars

webpack compiled with 1 warning
Compiling...
Compiled with warnings.

[eslint] 
src/pages/Login.js
  Line 28:9:  'theme' is assigned a value but never used  no-unused-vars

Search for the keywords to learn more about each warning.
To ignore, add // eslint-disable-next-line to the line before.

WARNING in [eslint] 
src/pages/Login.js
  Line 28:9:  'theme' is assigned a value but never used  no-unused-vars

webpack compiled with 1 warning
Compiling...
Failed to compile.

[eslint] 
src/components/TaskManagement.js
Syntax error: 'import' and 'export' may only appear at the top level. (463:0) (463:undefined)
WARNING in [eslint] 
src/pages/Login.js
  Line 28:9:  'theme' is assigned a value but never used  no-unused-vars

ERROR in ./src/components/TaskManagement.js
Module build failed (from ./node_modules/babel-loader/lib/index.js):
SyntaxError: /home/gaurav/Projects/New_Projects/Task-Management/frontend/src/components/TaskManagement.js: 'import' and 'export' may only appear at the top level. (463:0)

  461 | };
  462 |
> 463 | export default TaskManagement;
      | ^
  464 |
    at constructor (/home/gaurav/Projects/New_Projects/Task-Management/frontend/node_modules/@babel/parser/lib/index.js:367:19)
    at FlowParserMixin.raise (/home/gaurav/Projects/New_Projects/Task-Management/frontend/node_modules/@babel/parser/lib/index.js:6630:19)
    at FlowParserMixin.parseStatementContent (/home/gaurav/Projects/New_Projects/Task-Management/frontend/node_modules/@babel/parser/lib/index.js:12876:18)
    at FlowParserMixin.parseStatementLike (/home/gaurav/Projects/New_Projects/Task-Management/frontend/node_modules/@babel/parser/lib/index.js:12772:17)
    at FlowParserMixin.parseStatementLike (/home/gaurav/Projects/New_Projects/Task-Management/frontend/node_modules/@babel/parser/lib/index.js:2949:24)
    at FlowParserMixin.parseStatementListItem (/home/gaurav/Projects/New_Projects/Task-Management/frontend/node_modules/@babel/parser/lib/index.js:12752:17)
    at FlowParserMixin.parseBlockOrModuleBlockBody (/home/gaurav/Projects/New_Projects/Task-Management/frontend/node_modules/@babel/parser/lib/index.js:13321:61)
    at FlowParserMixin.parseBlockBody (/home/gaurav/Projects/New_Projects/Task-Management/frontend/node_modules/@babel/parser/lib/index.js:13314:10)
    at FlowParserMixin.parseBlock (/home/gaurav/Projects/New_Projects/Task-Management/frontend/node_modules/@babel/parser/lib/index.js:13302:10)
    at FlowParserMixin.parseFunctionBody (/home/gaurav/Projects/New_Projects/Task-Management/frontend/node_modules/@babel/parser/lib/index.js:12106:24)
    at /home/gaurav/Projects/New_Projects/Task-Management/frontend/node_modules/@babel/parser/lib/index.js:2923:63
    at FlowParserMixin.forwardNoArrowParamsConversionAt (/home/gaurav/Projects/New_Projects/Task-Management/frontend/node_modules/@babel/parser/lib/index.js:3099:16)
    at FlowParserMixin.parseFunctionBody (/home/gaurav/Projects/New_Projects/Task-Management/frontend/node_modules/@babel/parser/lib/index.js:2923:12)
    at FlowParserMixin.parseArrowExpression (/home/gaurav/Projects/New_Projects/Task-Management/frontend/node_modules/@babel/parser/lib/index.js:12081:10)
    at FlowParserMixin.parseParenAndDistinguishExpression (/home/gaurav/Projects/New_Projects/Task-Management/frontend/node_modules/@babel/parser/lib/index.js:11691:12)
    at FlowParserMixin.parseParenAndDistinguishExpression (/home/gaurav/Projects/New_Projects/Task-Management/frontend/node_modules/@babel/parser/lib/index.js:3624:18)
    at FlowParserMixin.parseExprAtom (/home/gaurav/Projects/New_Projects/Task-Management/frontend/node_modules/@babel/parser/lib/index.js:11331:23)
    at FlowParserMixin.parseExprAtom (/home/gaurav/Projects/New_Projects/Task-Management/frontend/node_modules/@babel/parser/lib/index.js:4797:20)
    at FlowParserMixin.parseExprSubscripts (/home/gaurav/Projects/New_Projects/Task-Management/frontend/node_modules/@babel/parser/lib/index.js:11081:23)
    at FlowParserMixin.parseUpdate (/home/gaurav/Projects/New_Projects/Task-Management/frontend/node_modules/@babel/parser/lib/index.js:11066:21)
    at FlowParserMixin.parseMaybeUnary (/home/gaurav/Projects/New_Projects/Task-Management/frontend/node_modules/@babel/parser/lib/index.js:11046:23)
    at FlowParserMixin.parseMaybeUnaryOrPrivate (/home/gaurav/Projects/New_Projects/Task-Management/frontend/node_modules/@babel/parser/lib/index.js:10899:61)
    at FlowParserMixin.parseExprOps (/home/gaurav/Projects/New_Projects/Task-Management/frontend/node_modules/@babel/parser/lib/index.js:10904:23)
    at FlowParserMixin.parseMaybeConditional (/home/gaurav/Projects/New_Projects/Task-Management/frontend/node_modules/@babel/parser/lib/index.js:10881:23)
    at FlowParserMixin.parseMaybeAssign (/home/gaurav/Projects/New_Projects/Task-Management/frontend/node_modules/@babel/parser/lib/index.js:10831:21)
    at FlowParserMixin.parseMaybeAssign (/home/gaurav/Projects/New_Projects/Task-Management/frontend/node_modules/@babel/parser/lib/index.js:3582:18)
    at /home/gaurav/Projects/New_Projects/Task-Management/frontend/node_modules/@babel/parser/lib/index.js:10800:39
    at FlowParserMixin.allowInAnd (/home/gaurav/Projects/New_Projects/Task-Management/frontend/node_modules/@babel/parser/lib/index.js:12427:16)
    at FlowParserMixin.parseMaybeAssignAllowIn (/home/gaurav/Projects/New_Projects/Task-Management/frontend/node_modules/@babel/parser/lib/index.js:10800:17)
    at FlowParserMixin.parseVar (/home/gaurav/Projects/New_Projects/Task-Management/frontend/node_modules/@babel/parser/lib/index.js:13389:91)
    at FlowParserMixin.parseVarStatement (/home/gaurav/Projects/New_Projects/Task-Management/frontend/node_modules/@babel/parser/lib/index.js:13235:10)
    at FlowParserMixin.parseStatementContent (/home/gaurav/Projects/New_Projects/Task-Management/frontend/node_modules/@babel/parser/lib/index.js:12856:23)
    at FlowParserMixin.parseStatementLike (/home/gaurav/Projects/New_Projects/Task-Management/frontend/node_modules/@babel/parser/lib/index.js:12772:17)
    at FlowParserMixin.parseStatementLike (/home/gaurav/Projects/New_Projects/Task-Management/frontend/node_modules/@babel/parser/lib/index.js:2949:24)
    at FlowParserMixin.parseModuleItem (/home/gaurav/Projects/New_Projects/Task-Management/frontend/node_modules/@babel/parser/lib/index.js:12749:17)
    at FlowParserMixin.parseBlockOrModuleBlockBody (/home/gaurav/Projects/New_Projects/Task-Management/frontend/node_modules/@babel/parser/lib/index.js:13321:36)
    at FlowParserMixin.parseBlockBody (/home/gaurav/Projects/New_Projects/Task-Management/frontend/node_modules/@babel/parser/lib/index.js:13314:10)
    at FlowParserMixin.parseProgram (/home/gaurav/Projects/New_Projects/Task-Management/frontend/node_modules/@babel/parser/lib/index.js:12630:10)
    at FlowParserMixin.parseTopLevel (/home/gaurav/Projects/New_Projects/Task-Management/frontend/node_modules/@babel/parser/lib/index.js:12620:25)
    at FlowParserMixin.parseTopLevel (/home/gaurav/Projects/New_Projects/Task-Management/frontend/node_modules/@babel/parser/lib/index.js:3718:28)
    at FlowParserMixin.parse (/home/gaurav/Projects/New_Projects/Task-Management/frontend/node_modules/@babel/parser/lib/index.js:14497:10)
    at parse (/home/gaurav/Projects/New_Projects/Task-Management/frontend/node_modules/@babel/parser/lib/index.js:14531:38)
    at parser (/home/gaurav/Projects/New_Projects/Task-Management/frontend/node_modules/@babel/core/lib/parser/index.js:41:34)
    at parser.next (<anonymous>)
    at normalizeFile (/home/gaurav/Projects/New_Projects/Task-Management/frontend/node_modules/@babel/core/lib/transformation/normalize-file.js:64:37)
    at normalizeFile.next (<anonymous>)
    at run (/home/gaurav/Projects/New_Projects/Task-Management/frontend/node_modules/@babel/core/lib/transformation/index.js:22:50)
    at run.next (<anonymous>)
    at transform (/home/gaurav/Projects/New_Projects/Task-Management/frontend/node_modules/@babel/core/lib/transform.js:22:33)
    at transform.next (<anonymous>)

ERROR in [eslint] 
src/components/TaskManagement.js
  Line 463:  Parsing error: 'import' and 'export' may only appear at the top level. (463:0)

webpack compiled with 2 errors and 1 warning
Compiling...
Failed to compile.

[eslint] 
src/components/TaskManagement.js
Syntax error: Unexpected token (283:2) (283:2)
WARNING in [eslint] 
src/pages/Login.js
  Line 28:9:  'theme' is assigned a value but never used  no-unused-vars

ERROR in ./src/components/TaskManagement.js
Module build failed (from ./node_modules/babel-loader/lib/index.js):
SyntaxError: /home/gaurav/Projects/New_Projects/Task-Management/frontend/src/components/TaskManagement.js: Unexpected token (283:2)

  281 |     );
  282 |   };
> 283 |   );
      |   ^
  284 |
  285 |   return (
  286 |     <Box sx={{ p: 3 }}>
    at constructor (/home/gaurav/Projects/New_Projects/Task-Management/frontend/node_modules/@babel/parser/lib/index.js:367:19)
    at FlowParserMixin.raise (/home/gaurav/Projects/New_Projects/Task-Management/frontend/node_modules/@babel/parser/lib/index.js:6630:19)
    at FlowParserMixin.unexpected (/home/gaurav/Projects/New_Projects/Task-Management/frontend/node_modules/@babel/parser/lib/index.js:6650:16)
    at FlowParserMixin.parseExprAtom (/home/gaurav/Projects/New_Projects/Task-Management/frontend/node_modules/@babel/parser/lib/index.js:11447:16)
    at FlowParserMixin.parseExprAtom (/home/gaurav/Projects/New_Projects/Task-Management/frontend/node_modules/@babel/parser/lib/index.js:4797:20)
    at FlowParserMixin.parseExprSubscripts (/home/gaurav/Projects/New_Projects/Task-Management/frontend/node_modules/@babel/parser/lib/index.js:11081:23)
    at FlowParserMixin.parseUpdate (/home/gaurav/Projects/New_Projects/Task-Management/frontend/node_modules/@babel/parser/lib/index.js:11066:21)
    at FlowParserMixin.parseMaybeUnary (/home/gaurav/Projects/New_Projects/Task-Management/frontend/node_modules/@babel/parser/lib/index.js:11046:23)
    at FlowParserMixin.parseMaybeUnaryOrPrivate (/home/gaurav/Projects/New_Projects/Task-Management/frontend/node_modules/@babel/parser/lib/index.js:10899:61)
    at FlowParserMixin.parseExprOps (/home/gaurav/Projects/New_Projects/Task-Management/frontend/node_modules/@babel/parser/lib/index.js:10904:23)
    at FlowParserMixin.parseMaybeConditional (/home/gaurav/Projects/New_Projects/Task-Management/frontend/node_modules/@babel/parser/lib/index.js:10881:23)
    at FlowParserMixin.parseMaybeAssign (/home/gaurav/Projects/New_Projects/Task-Management/frontend/node_modules/@babel/parser/lib/index.js:10831:21)
    at FlowParserMixin.parseMaybeAssign (/home/gaurav/Projects/New_Projects/Task-Management/frontend/node_modules/@babel/parser/lib/index.js:3582:18)
    at FlowParserMixin.parseExpressionBase (/home/gaurav/Projects/New_Projects/Task-Management/frontend/node_modules/@babel/parser/lib/index.js:10784:23)
    at /home/gaurav/Projects/New_Projects/Task-Management/frontend/node_modules/@babel/parser/lib/index.js:10780:39
    at FlowParserMixin.allowInAnd (/home/gaurav/Projects/New_Projects/Task-Management/frontend/node_modules/@babel/parser/lib/index.js:12427:16)
    at FlowParserMixin.parseExpression (/home/gaurav/Projects/New_Projects/Task-Management/frontend/node_modules/@babel/parser/lib/index.js:10780:17)
    at FlowParserMixin.parseStatementContent (/home/gaurav/Projects/New_Projects/Task-Management/frontend/node_modules/@babel/parser/lib/index.js:12900:23)
    at FlowParserMixin.parseStatementLike (/home/gaurav/Projects/New_Projects/Task-Management/frontend/node_modules/@babel/parser/lib/index.js:12772:17)
    at FlowParserMixin.parseStatementLike (/home/gaurav/Projects/New_Projects/Task-Management/frontend/node_modules/@babel/parser/lib/index.js:2949:24)
    at FlowParserMixin.parseStatementListItem (/home/gaurav/Projects/New_Projects/Task-Management/frontend/node_modules/@babel/parser/lib/index.js:12752:17)
    at FlowParserMixin.parseBlockOrModuleBlockBody (/home/gaurav/Projects/New_Projects/Task-Management/frontend/node_modules/@babel/parser/lib/index.js:13321:61)
    at FlowParserMixin.parseBlockBody (/home/gaurav/Projects/New_Projects/Task-Management/frontend/node_modules/@babel/parser/lib/index.js:13314:10)
    at FlowParserMixin.parseBlock (/home/gaurav/Projects/New_Projects/Task-Management/frontend/node_modules/@babel/parser/lib/index.js:13302:10)
    at FlowParserMixin.parseFunctionBody (/home/gaurav/Projects/New_Projects/Task-Management/frontend/node_modules/@babel/parser/lib/index.js:12106:24)
    at /home/gaurav/Projects/New_Projects/Task-Management/frontend/node_modules/@babel/parser/lib/index.js:2923:63
    at FlowParserMixin.forwardNoArrowParamsConversionAt (/home/gaurav/Projects/New_Projects/Task-Management/frontend/node_modules/@babel/parser/lib/index.js:3099:16)
    at FlowParserMixin.parseFunctionBody (/home/gaurav/Projects/New_Projects/Task-Management/frontend/node_modules/@babel/parser/lib/index.js:2923:12)
    at FlowParserMixin.parseArrowExpression (/home/gaurav/Projects/New_Projects/Task-Management/frontend/node_modules/@babel/parser/lib/index.js:12081:10)
    at FlowParserMixin.parseParenAndDistinguishExpression (/home/gaurav/Projects/New_Projects/Task-Management/frontend/node_modules/@babel/parser/lib/index.js:11691:12)
    at FlowParserMixin.parseParenAndDistinguishExpression (/home/gaurav/Projects/New_Projects/Task-Management/frontend/node_modules/@babel/parser/lib/index.js:3624:18)
    at FlowParserMixin.parseExprAtom (/home/gaurav/Projects/New_Projects/Task-Management/frontend/node_modules/@babel/parser/lib/index.js:11331:23)
    at FlowParserMixin.parseExprAtom (/home/gaurav/Projects/New_Projects/Task-Management/frontend/node_modules/@babel/parser/lib/index.js:4797:20)
    at FlowParserMixin.parseExprSubscripts (/home/gaurav/Projects/New_Projects/Task-Management/frontend/node_modules/@babel/parser/lib/index.js:11081:23)
    at FlowParserMixin.parseUpdate (/home/gaurav/Projects/New_Projects/Task-Management/frontend/node_modules/@babel/parser/lib/index.js:11066:21)
    at FlowParserMixin.parseMaybeUnary (/home/gaurav/Projects/New_Projects/Task-Management/frontend/node_modules/@babel/parser/lib/index.js:11046:23)
    at FlowParserMixin.parseMaybeUnaryOrPrivate (/home/gaurav/Projects/New_Projects/Task-Management/frontend/node_modules/@babel/parser/lib/index.js:10899:61)
    at FlowParserMixin.parseExprOps (/home/gaurav/Projects/New_Projects/Task-Management/frontend/node_modules/@babel/parser/lib/index.js:10904:23)
    at FlowParserMixin.parseMaybeConditional (/home/gaurav/Projects/New_Projects/Task-Management/frontend/node_modules/@babel/parser/lib/index.js:10881:23)
    at FlowParserMixin.parseMaybeAssign (/home/gaurav/Projects/New_Projects/Task-Management/frontend/node_modules/@babel/parser/lib/index.js:10831:21)
    at FlowParserMixin.parseMaybeAssign (/home/gaurav/Projects/New_Projects/Task-Management/frontend/node_modules/@babel/parser/lib/index.js:3582:18)
    at /home/gaurav/Projects/New_Projects/Task-Management/frontend/node_modules/@babel/parser/lib/index.js:10800:39
    at FlowParserMixin.allowInAnd (/home/gaurav/Projects/New_Projects/Task-Management/frontend/node_modules/@babel/parser/lib/index.js:12427:16)
    at FlowParserMixin.parseMaybeAssignAllowIn (/home/gaurav/Projects/New_Projects/Task-Management/frontend/node_modules/@babel/parser/lib/index.js:10800:17)
    at FlowParserMixin.parseVar (/home/gaurav/Projects/New_Projects/Task-Management/frontend/node_modules/@babel/parser/lib/index.js:13389:91)
    at FlowParserMixin.parseVarStatement (/home/gaurav/Projects/New_Projects/Task-Management/frontend/node_modules/@babel/parser/lib/index.js:13235:10)
    at FlowParserMixin.parseStatementContent (/home/gaurav/Projects/New_Projects/Task-Management/frontend/node_modules/@babel/parser/lib/index.js:12856:23)
    at FlowParserMixin.parseStatementLike (/home/gaurav/Projects/New_Projects/Task-Management/frontend/node_modules/@babel/parser/lib/index.js:12772:17)
    at FlowParserMixin.parseStatementLike (/home/gaurav/Projects/New_Projects/Task-Management/frontend/node_modules/@babel/parser/lib/index.js:2949:24)
    at FlowParserMixin.parseModuleItem (/home/gaurav/Projects/New_Projects/Task-Management/frontend/node_modules/@babel/parser/lib/index.js:12749:17)

ERROR in [eslint] 
src/components/TaskManagement.js
  Line 283:2:  Parsing error: Unexpected token (283:2)

webpack compiled with 2 errors and 1 warning
Compiling...
Compiled with warnings.

[eslint] 
src/components/TaskManagement.js
  Line 27:3:   'ListItemSecondaryAction' is defined but never used                                                            no-unused-vars
  Line 28:3:   'Divider' is defined but never used                                                                            no-unused-vars
  Line 37:18:  'CompletedIcon' is defined but never used                                                                      no-unused-vars
  Line 63:6:   React Hook useEffect has a missing dependency: 'fetchTasks'. Either include it or remove the dependency array  react-hooks/exhaustive-deps

src/pages/Login.js
  Line 28:9:  'theme' is assigned a value but never used  no-unused-vars

Search for the keywords to learn more about each warning.
To ignore, add // eslint-disable-next-line to the line before.

WARNING in [eslint] 
src/components/TaskManagement.js
  Line 27:3:   'ListItemSecondaryAction' is defined but never used                                                            no-unused-vars
  Line 28:3:   'Divider' is defined but never used                                                                            no-unused-vars
  Line 37:18:  'CompletedIcon' is defined but never used                                                                      no-unused-vars
  Line 63:6:   React Hook useEffect has a missing dependency: 'fetchTasks'. Either include it or remove the dependency array  react-hooks/exhaustive-deps

src/pages/Login.js
  Line 28:9:  'theme' is assigned a value but never used  no-unused-vars

webpack compiled with 1 warning
Compiling...
Compiled with warnings.

[eslint] 
src/components/TaskManagement.js
  Line 27:3:   'ListItemSecondaryAction' is defined but never used                                                            no-unused-vars
  Line 28:3:   'Divider' is defined but never used                                                                            no-unused-vars
  Line 37:18:  'CompletedIcon' is defined but never used                                                                      no-unused-vars
  Line 63:6:   React Hook useEffect has a missing dependency: 'fetchTasks'. Either include it or remove the dependency array  react-hooks/exhaustive-deps

src/pages/Login.js
  Line 28:9:  'theme' is assigned a value but never used  no-unused-vars

Search for the keywords to learn more about each warning.
To ignore, add // eslint-disable-next-line to the line before.

WARNING in [eslint] 
src/components/TaskManagement.js
  Line 27:3:   'ListItemSecondaryAction' is defined but never used                                                            no-unused-vars
  Line 28:3:   'Divider' is defined but never used                                                                            no-unused-vars
  Line 37:18:  'CompletedIcon' is defined but never used                                                                      no-unused-vars
  Line 63:6:   React Hook useEffect has a missing dependency: 'fetchTasks'. Either include it or remove the dependency array  react-hooks/exhaustive-deps

src/pages/Login.js
  Line 28:9:  'theme' is assigned a value but never used  no-unused-vars

webpack compiled with 1 warning
Compiling...
Compiled with warnings.

[eslint] 
src/components/TaskManagement.js
  Line 27:3:   'ListItemSecondaryAction' is defined but never used                                                            no-unused-vars
  Line 28:3:   'Divider' is defined but never used                                                                            no-unused-vars
  Line 37:18:  'CompletedIcon' is defined but never used                                                                      no-unused-vars
  Line 63:6:   React Hook useEffect has a missing dependency: 'fetchTasks'. Either include it or remove the dependency array  react-hooks/exhaustive-deps

src/pages/Login.js
  Line 28:9:  'theme' is assigned a value but never used  no-unused-vars

Search for the keywords to learn more about each warning.
To ignore, add // eslint-disable-next-line to the line before.

WARNING in [eslint] 
src/components/TaskManagement.js
  Line 27:3:   'ListItemSecondaryAction' is defined but never used                                                            no-unused-vars
  Line 28:3:   'Divider' is defined but never used                                                                            no-unused-vars
  Line 37:18:  'CompletedIcon' is defined but never used                                                                      no-unused-vars
  Line 63:6:   React Hook useEffect has a missing dependency: 'fetchTasks'. Either include it or remove the dependency array  react-hooks/exhaustive-deps

src/pages/Login.js
  Line 28:9:  'theme' is assigned a value but never used  no-unused-vars

webpack compiled with 1 warning
Compiling...
Failed to compile.

[eslint] 
src/components/KanbanBoard.js
  Line 78:7:  React Hook "useSortable" is called conditionally. React Hooks must be called in the exact same order in every component render  react-hooks/rules-of-hooks

Search for the keywords to learn more about each error.
WARNING in [eslint] 
src/components/TaskManagement.js
  Line 27:3:   'ListItemSecondaryAction' is defined but never used                                                            no-unused-vars
  Line 28:3:   'Divider' is defined but never used                                                                            no-unused-vars
  Line 37:18:  'CompletedIcon' is defined but never used                                                                      no-unused-vars
  Line 63:6:   React Hook useEffect has a missing dependency: 'fetchTasks'. Either include it or remove the dependency array  react-hooks/exhaustive-deps

src/pages/Login.js
  Line 28:9:  'theme' is assigned a value but never used  no-unused-vars

ERROR in [eslint] 
src/components/KanbanBoard.js
  Line 78:7:  React Hook "useSortable" is called conditionally. React Hooks must be called in the exact same order in every component render  react-hooks/rules-of-hooks

Search for the keywords to learn more about each error.

webpack compiled with 1 error and 1 warning
Compiling...
Compiled with warnings.

[eslint] 
src/components/TaskManagement.js
  Line 27:3:   'ListItemSecondaryAction' is defined but never used                                                            no-unused-vars
  Line 28:3:   'Divider' is defined but never used                                                                            no-unused-vars
  Line 37:18:  'CompletedIcon' is defined but never used                                                                      no-unused-vars
  Line 63:6:   React Hook useEffect has a missing dependency: 'fetchTasks'. Either include it or remove the dependency array  react-hooks/exhaustive-deps

src/pages/Login.js
  Line 28:9:  'theme' is assigned a value but never used  no-unused-vars

Search for the keywords to learn more about each warning.
To ignore, add // eslint-disable-next-line to the line before.

WARNING in [eslint] 
src/components/TaskManagement.js
  Line 27:3:   'ListItemSecondaryAction' is defined but never used                                                            no-unused-vars
  Line 28:3:   'Divider' is defined but never used                                                                            no-unused-vars
  Line 37:18:  'CompletedIcon' is defined but never used                                                                      no-unused-vars
  Line 63:6:   React Hook useEffect has a missing dependency: 'fetchTasks'. Either include it or remove the dependency array  react-hooks/exhaustive-deps

src/pages/Login.js
  Line 28:9:  'theme' is assigned a value but never used  no-unused-vars

webpack compiled with 1 warning
Compiling...
Compiled with warnings.

[eslint] 
src/components/TaskManagement.js
  Line 27:3:   'ListItemSecondaryAction' is defined but never used                                                            no-unused-vars
  Line 28:3:   'Divider' is defined but never used                                                                            no-unused-vars
  Line 37:18:  'CompletedIcon' is defined but never used                                                                      no-unused-vars
  Line 63:6:   React Hook useEffect has a missing dependency: 'fetchTasks'. Either include it or remove the dependency array  react-hooks/exhaustive-deps

src/pages/Login.js
  Line 28:9:  'theme' is assigned a value but never used  no-unused-vars

Search for the keywords to learn more about each warning.
To ignore, add // eslint-disable-next-line to the line before.

WARNING in [eslint] 
src/components/TaskManagement.js
  Line 27:3:   'ListItemSecondaryAction' is defined but never used                                                            no-unused-vars
  Line 28:3:   'Divider' is defined but never used                                                                            no-unused-vars
  Line 37:18:  'CompletedIcon' is defined but never used                                                                      no-unused-vars
  Line 63:6:   React Hook useEffect has a missing dependency: 'fetchTasks'. Either include it or remove the dependency array  react-hooks/exhaustive-deps

src/pages/Login.js
  Line 28:9:  'theme' is assigned a value but never used  no-unused-vars

webpack compiled with 1 warning
Compiling...
Compiled with warnings.

[eslint] 
src/components/TaskManagement.js
  Line 60:6:  React Hook useEffect has a missing dependency: 'fetchTasks'. Either include it or remove the dependency array  react-hooks/exhaustive-deps

src/pages/Login.js
  Line 28:9:  'theme' is assigned a value but never used  no-unused-vars

Search for the keywords to learn more about each warning.
To ignore, add // eslint-disable-next-line to the line before.

WARNING in [eslint] 
src/components/TaskManagement.js
  Line 60:6:  React Hook useEffect has a missing dependency: 'fetchTasks'. Either include it or remove the dependency array  react-hooks/exhaustive-deps

src/pages/Login.js
  Line 28:9:  'theme' is assigned a value but never used  no-unused-vars

webpack compiled with 1 warning
Compiling...
Compiled with warnings.

[eslint] 
src/components/TaskManagement.js
  Line 87:6:  React Hook useEffect has a missing dependency: 'fetchTasks'. Either include it or remove the dependency array  react-hooks/exhaustive-deps

src/pages/Login.js
  Line 28:9:  'theme' is assigned a value but never used  no-unused-vars

Search for the keywords to learn more about each warning.
To ignore, add // eslint-disable-next-line to the line before.

WARNING in [eslint] 
src/components/TaskManagement.js
  Line 87:6:  React Hook useEffect has a missing dependency: 'fetchTasks'. Either include it or remove the dependency array  react-hooks/exhaustive-deps

src/pages/Login.js
  Line 28:9:  'theme' is assigned a value but never used  no-unused-vars

webpack compiled with 1 warning
Compiling...
Compiled with warnings.

[eslint] 
src/components/TaskManagement.js
  Line 1:38:  'useCallback' is defined but never used                                                                        no-unused-vars
  Line 87:6:  React Hook useEffect has a missing dependency: 'fetchTasks'. Either include it or remove the dependency array  react-hooks/exhaustive-deps

src/pages/Login.js
  Line 28:9:  'theme' is assigned a value but never used  no-unused-vars

Search for the keywords to learn more about each warning.
To ignore, add // eslint-disable-next-line to the line before.

WARNING in [eslint] 
src/components/TaskManagement.js
  Line 1:38:  'useCallback' is defined but never used                                                                        no-unused-vars
  Line 87:6:  React Hook useEffect has a missing dependency: 'fetchTasks'. Either include it or remove the dependency array  react-hooks/exhaustive-deps

src/pages/Login.js
  Line 28:9:  'theme' is assigned a value but never used  no-unused-vars

webpack compiled with 1 warning
Compiling...
Compiled with warnings.

[eslint] 
src/components/TaskManagement.js
  Line 87:6:  React Hook useEffect has a missing dependency: 'fetchTasks'. Either include it or remove the dependency array  react-hooks/exhaustive-deps

src/pages/Login.js
  Line 28:9:  'theme' is assigned a value but never used  no-unused-vars

Search for the keywords to learn more about each warning.
To ignore, add // eslint-disable-next-line to the line before.

WARNING in [eslint] 
src/components/TaskManagement.js
  Line 87:6:  React Hook useEffect has a missing dependency: 'fetchTasks'. Either include it or remove the dependency array  react-hooks/exhaustive-deps

src/pages/Login.js
  Line 28:9:  'theme' is assigned a value but never used  no-unused-vars

webpack compiled with 1 warning
Compiling...
Compiled with warnings.

[eslint] 
src/pages/Login.js
  Line 28:9:  'theme' is assigned a value but never used  no-unused-vars

Search for the keywords to learn more about each warning.
To ignore, add // eslint-disable-next-line to the line before.

WARNING in [eslint] 
src/pages/Login.js
  Line 28:9:  'theme' is assigned a value but never used  no-unused-vars

webpack compiled with 1 warning
Compiling...
Compiled with warnings.

[eslint] 
src/pages/Login.js
  Line 28:9:  'theme' is assigned a value but never used  no-unused-vars

Search for the keywords to learn more about each warning.
To ignore, add // eslint-disable-next-line to the line before.

WARNING in [eslint] 
src/pages/Login.js
  Line 28:9:  'theme' is assigned a value but never used  no-unused-vars

webpack compiled with 1 warning
Compiling...
Compiled with warnings.

[eslint] 
src/context/AuthContext.js
  Line 83:9:  'checkAuthStatus' is assigned a value but never used  no-unused-vars

src/pages/Login.js
  Line 28:9:  'theme' is assigned a value but never used  no-unused-vars

Search for the keywords to learn more about each warning.
To ignore, add // eslint-disable-next-line to the line before.

WARNING in [eslint] 
src/context/AuthContext.js
  Line 83:9:  'checkAuthStatus' is assigned a value but never used  no-unused-vars

src/pages/Login.js
  Line 28:9:  'theme' is assigned a value but never used  no-unused-vars

webpack compiled with 1 warning
Compiling...
Compiled with warnings.

[eslint] 
src/pages/Login.js
  Line 28:9:  'theme' is assigned a value but never used  no-unused-vars

Search for the keywords to learn more about each warning.
To ignore, add // eslint-disable-next-line to the line before.

WARNING in [eslint] 
src/pages/Login.js
  Line 28:9:  'theme' is assigned a value but never used  no-unused-vars

webpack compiled with 1 warning
Compiling...
Compiled with warnings.

[eslint] 
src/pages/Login.js
  Line 28:9:  'theme' is assigned a value but never used  no-unused-vars

Search for the keywords to learn more about each warning.
To ignore, add // eslint-disable-next-line to the line before.

WARNING in [eslint] 
src/pages/Login.js
  Line 28:9:  'theme' is assigned a value but never used  no-unused-vars

webpack compiled with 1 warning
Compiling...
Compiled with warnings.

[eslint] 
src/pages/Login.js
  Line 28:9:  'theme' is assigned a value but never used  no-unused-vars

Search for the keywords to learn more about each warning.
To ignore, add // eslint-disable-next-line to the line before.

WARNING in [eslint] 
src/pages/Login.js
  Line 28:9:  'theme' is assigned a value but never used  no-unused-vars

webpack compiled with 1 warning
Compiling...
Compiled with warnings.

[eslint] 
src/pages/Login.js
  Line 28:9:  'theme' is assigned a value but never used  no-unused-vars

Search for the keywords to learn more about each warning.
To ignore, add // eslint-disable-next-line to the line before.

WARNING in [eslint] 
src/pages/Login.js
  Line 28:9:  'theme' is assigned a value but never used  no-unused-vars

webpack compiled with 1 warning
Compiling...
Compiled with warnings.

[eslint] 
src/components/KanbanBoard.js
  Line 32:88:  'useDroppable' is defined but never used  no-unused-vars

src/pages/Login.js
  Line 28:9:  'theme' is assigned a value but never used  no-unused-vars

Search for the keywords to learn more about each warning.
To ignore, add // eslint-disable-next-line to the line before.

WARNING in [eslint] 
src/components/KanbanBoard.js
  Line 32:88:  'useDroppable' is defined but never used  no-unused-vars

src/pages/Login.js
  Line 28:9:  'theme' is assigned a value but never used  no-unused-vars

webpack compiled with 1 warning
Compiling...
Compiled with warnings.

[eslint] 
src/components/KanbanBoard.js
  Line 262:11:  'setNodeRef' is assigned a value but never used  no-unused-vars
  Line 262:23:  'isOver' is assigned a value but never used      no-unused-vars

src/pages/Login.js
  Line 28:9:  'theme' is assigned a value but never used  no-unused-vars

Search for the keywords to learn more about each warning.
To ignore, add // eslint-disable-next-line to the line before.

WARNING in [eslint] 
src/components/KanbanBoard.js
  Line 262:11:  'setNodeRef' is assigned a value but never used  no-unused-vars
  Line 262:23:  'isOver' is assigned a value but never used      no-unused-vars

src/pages/Login.js
  Line 28:9:  'theme' is assigned a value but never used  no-unused-vars

webpack compiled with 1 warning
Compiling...
Compiled with warnings.

[eslint] 
src/pages/Login.js
  Line 28:9:  'theme' is assigned a value but never used  no-unused-vars

Search for the keywords to learn more about each warning.
To ignore, add // eslint-disable-next-line to the line before.

WARNING in [eslint] 
src/pages/Login.js
  Line 28:9:  'theme' is assigned a value but never used  no-unused-vars

webpack compiled with 1 warning
Compiling...
Compiled with warnings.

[eslint] 
src/pages/Login.js
  Line 28:9:  'theme' is assigned a value but never used  no-unused-vars

Search for the keywords to learn more about each warning.
To ignore, add // eslint-disable-next-line to the line before.

WARNING in [eslint] 
src/pages/Login.js
  Line 28:9:  'theme' is assigned a value but never used  no-unused-vars

webpack compiled with 1 warning
